{"C:\\Users\\camilo.alvarez_pragm\\Documents\\Camilo\\pragma\\reto_backend\\plaza-microservice\\src\\app.ts": {"path":"C:\\Users\\camilo.alvarez_pragm\\Documents\\Camilo\\pragma\\reto_backend\\plaza-microservice\\src\\app.ts","statementMap":{"0":{"start":{"line":1,"column":0},"end":{"line":1,"column":24}},"1":{"start":{"line":2,"column":0},"end":{"line":2,"column":28}},"2":{"start":{"line":3,"column":0},"end":{"line":3,"column":47}},"3":{"start":{"line":4,"column":0},"end":{"line":4,"column":28}},"4":{"start":{"line":5,"column":0},"end":{"line":5,"column":32}},"5":{"start":{"line":6,"column":0},"end":{"line":6,"column":79}},"6":{"start":{"line":8,"column":0},"end":{"line":8,"column":61}},"7":{"start":{"line":9,"column":0},"end":{"line":9,"column":56}},"8":{"start":{"line":10,"column":0},"end":{"line":10,"column":null}},"9":{"start":{"line":17,"column":0},"end":{"line":17,"column":16}},"10":{"start":{"line":22,"column":2},"end":{"line":22,"column":23}},"11":{"start":{"line":23,"column":2},"end":{"line":23,"column":23}},"12":{"start":{"line":24,"column":2},"end":{"line":24,"column":31}},"13":{"start":{"line":25,"column":2},"end":{"line":25,"column":30}},"14":{"start":{"line":26,"column":2},"end":{"line":26,"column":38}},"15":{"start":{"line":27,"column":2},"end":{"line":27,"column":44}},"16":{"start":{"line":28,"column":2},"end":{"line":28,"column":19}},"17":{"start":{"line":29,"column":2},"end":{"line":29,"column":26}},"18":{"start":{"line":30,"column":2},"end":{"line":30,"column":32}},"19":{"start":{"line":31,"column":2},"end":{"line":31,"column":33}},"20":{"start":{"line":32,"column":2},"end":{"line":32,"column":29}},"21":{"start":{"line":36,"column":2},"end":{"line":36,"column":18}},"22":{"start":{"line":40,"column":2},"end":{"line":54,"column":null}},"23":{"start":{"line":45,"column":3},"end":{"line":51,"column":6}},"24":{"start":{"line":46,"column":4},"end":{"line":46,"column":78}},"25":{"start":{"line":50,"column":4},"end":{"line":50,"column":65}},"26":{"start":{"line":53,"column":3},"end":{"line":53,"column":24}},"27":{"start":{"line":18,"column":0},"end":{"line":18,"column":13}}},"fnMap":{"0":{"name":"(anonymous_8)","decl":{"start":{"line":21,"column":1},"end":{"line":21,"column":null}},"loc":{"start":{"line":21,"column":1},"end":{"line":33,"column":2}}},"1":{"name":"(anonymous_9)","decl":{"start":{"line":35,"column":8},"end":{"line":35,"column":19}},"loc":{"start":{"line":35,"column":19},"end":{"line":37,"column":2}}},"2":{"name":"(anonymous_10)","decl":{"start":{"line":39,"column":14},"end":{"line":39,"column":17}},"loc":{"start":{"line":39,"column":17},"end":{"line":55,"column":null}}},"3":{"name":"(anonymous_12)","decl":{"start":{"line":45,"column":37},"end":{"line":45,"column":40}},"loc":{"start":{"line":45,"column":42},"end":{"line":51,"column":4}}}},"branchMap":{},"s":{"0":3,"1":3,"2":3,"3":3,"4":3,"5":3,"6":3,"7":3,"8":3,"9":3,"10":3,"11":3,"12":3,"13":3,"14":3,"15":3,"16":3,"17":3,"18":3,"19":3,"20":3,"21":3,"22":0,"23":0,"24":0,"25":0,"26":0,"27":3},"f":{"0":3,"1":3,"2":0,"3":0},"b":{}}
,"C:\\Users\\camilo.alvarez_pragm\\Documents\\Camilo\\pragma\\reto_backend\\plaza-microservice\\src\\adapters\\doc\\swagger.adapter.ts": {"path":"C:\\Users\\camilo.alvarez_pragm\\Documents\\Camilo\\pragma\\reto_backend\\plaza-microservice\\src\\adapters\\doc\\swagger.adapter.ts","statementMap":{"0":{"start":{"line":2,"column":0},"end":{"line":2,"column":43}},"1":{"start":{"line":3,"column":0},"end":{"line":3,"column":46}},"2":{"start":{"line":5,"column":27},"end":{"line":16,"column":1}},"3":{"start":{"line":7,"column":1},"end":{"line":7,"column":65}},"4":{"start":{"line":10,"column":1},"end":{"line":13,"column":4}},"5":{"start":{"line":11,"column":2},"end":{"line":11,"column":52}},"6":{"start":{"line":12,"column":2},"end":{"line":12,"column":24}},"7":{"start":{"line":15,"column":1},"end":{"line":15,"column":65}},"8":{"start":{"line":5,"column":13},"end":{"line":5,"column":27}}},"fnMap":{"0":{"name":"(anonymous_7)","decl":{"start":{"line":5,"column":27},"end":{"line":5,"column":28}},"loc":{"start":{"line":5,"column":62},"end":{"line":16,"column":1}}},"1":{"name":"(anonymous_8)","decl":{"start":{"line":10,"column":23},"end":{"line":10,"column":24}},"loc":{"start":{"line":10,"column":55},"end":{"line":13,"column":2}}}},"branchMap":{},"s":{"0":3,"1":3,"2":3,"3":0,"4":0,"5":0,"6":0,"7":0,"8":3},"f":{"0":0,"1":0},"b":{}}
,"C:\\Users\\camilo.alvarez_pragm\\Documents\\Camilo\\pragma\\reto_backend\\plaza-microservice\\src\\helpers\\enums\\http-code.enum.ts": {"path":"C:\\Users\\camilo.alvarez_pragm\\Documents\\Camilo\\pragma\\reto_backend\\plaza-microservice\\src\\helpers\\enums\\http-code.enum.ts","statementMap":{"0":{"start":{"line":1,"column":0},"end":{"line":1,"column":null}},"1":{"start":{"line":2,"column":1},"end":{"line":2,"column":null}},"2":{"start":{"line":3,"column":1},"end":{"line":3,"column":null}},"3":{"start":{"line":4,"column":1},"end":{"line":4,"column":null}},"4":{"start":{"line":5,"column":1},"end":{"line":5,"column":null}},"5":{"start":{"line":6,"column":1},"end":{"line":6,"column":null}},"6":{"start":{"line":7,"column":1},"end":{"line":7,"column":null}},"7":{"start":{"line":8,"column":1},"end":{"line":8,"column":null}},"8":{"start":{"line":9,"column":1},"end":{"line":9,"column":null}}},"fnMap":{"0":{"name":"(anonymous_0)","decl":{"start":{"line":1,"column":0},"end":{"line":1,"column":12}},"loc":{"start":{"line":1,"column":20},"end":{"line":10,"column":1}}}},"branchMap":{"0":{"loc":{"start":{"line":1,"column":12},"end":{"line":1,"column":null}},"type":"binary-expr","locations":[{"start":{"line":1,"column":12},"end":{"line":1,"column":20}},{"start":{"line":1,"column":20},"end":{"line":1,"column":null}}]}},"s":{"0":4,"1":4,"2":4,"3":4,"4":4,"5":4,"6":4,"7":4,"8":4},"f":{"0":4},"b":{"0":[4,4]}}
,"C:\\Users\\camilo.alvarez_pragm\\Documents\\Camilo\\pragma\\reto_backend\\plaza-microservice\\src\\modules\\app\\dtos\\request\\dish.dto.ts": {"path":"C:\\Users\\camilo.alvarez_pragm\\Documents\\Camilo\\pragma\\reto_backend\\plaza-microservice\\src\\modules\\app\\dtos\\request\\dish.dto.ts","statementMap":{"0":{"start":{"line":1,"column":0},"end":{"line":1,"column":22}},"1":{"start":{"line":4,"column":23},"end":{"line":13,"column":2}},"2":{"start":{"line":15,"column":13},"end":{"line":15,"column":41}},"3":{"start":{"line":16,"column":19},"end":{"line":16,"column":48}},"4":{"start":{"line":17,"column":20},"end":{"line":17,"column":48}},"5":{"start":{"line":18,"column":14},"end":{"line":18,"column":43}},"6":{"start":{"line":19,"column":21},"end":{"line":19,"column":50}},"7":{"start":{"line":20,"column":17},"end":{"line":20,"column":35}},"8":{"start":{"line":23,"column":13},"end":{"line":34,"column":3}},"9":{"start":{"line":37,"column":13},"end":{"line":44,"column":3}},"10":{"start":{"line":47,"column":13},"end":{"line":53,"column":3}}},"fnMap":{},"branchMap":{},"s":{"0":4,"1":4,"2":4,"3":4,"4":4,"5":4,"6":4,"7":4,"8":4,"9":4,"10":4},"f":{},"b":{}}
,"C:\\Users\\camilo.alvarez_pragm\\Documents\\Camilo\\pragma\\reto_backend\\plaza-microservice\\src\\modules\\app\\dtos\\request\\employee.dto.ts": {"path":"C:\\Users\\camilo.alvarez_pragm\\Documents\\Camilo\\pragma\\reto_backend\\plaza-microservice\\src\\modules\\app\\dtos\\request\\employee.dto.ts","statementMap":{"0":{"start":{"line":1,"column":0},"end":{"line":1,"column":22}},"1":{"start":{"line":6,"column":18},"end":{"line":6,"column":52}},"2":{"start":{"line":7,"column":21},"end":{"line":7,"column":55}},"3":{"start":{"line":9,"column":23},"end":{"line":14,"column":2}},"4":{"start":{"line":16,"column":13},"end":{"line":23,"column":3}}},"fnMap":{},"branchMap":{},"s":{"0":4,"1":4,"2":4,"3":4,"4":4},"f":{},"b":{}}
,"C:\\Users\\camilo.alvarez_pragm\\Documents\\Camilo\\pragma\\reto_backend\\plaza-microservice\\src\\modules\\app\\dtos\\request\\order.dto.ts": {"path":"C:\\Users\\camilo.alvarez_pragm\\Documents\\Camilo\\pragma\\reto_backend\\plaza-microservice\\src\\modules\\app\\dtos\\request\\order.dto.ts","statementMap":{"0":{"start":{"line":1,"column":0},"end":{"line":1,"column":22}},"1":{"start":{"line":3,"column":0},"end":{"line":3,"column":81}},"2":{"start":{"line":5,"column":23},"end":{"line":17,"column":2}},"3":{"start":{"line":19,"column":15},"end":{"line":19,"column":44}},"4":{"start":{"line":20,"column":17},"end":{"line":20,"column":46}},"5":{"start":{"line":21,"column":21},"end":{"line":21,"column":50}},"6":{"start":{"line":22,"column":25},"end":{"line":22,"column":71}},"7":{"start":{"line":23,"column":25},"end":{"line":28,"column":2}},"8":{"start":{"line":30,"column":13},"end":{"line":35,"column":3}},"9":{"start":{"line":37,"column":13},"end":{"line":49,"column":3}},"10":{"start":{"line":39,"column":17},"end":{"line":39,"column":33}},"11":{"start":{"line":40,"column":32},"end":{"line":40,"column":64}},"12":{"start":{"line":41,"column":24},"end":{"line":41,"column":86}},"13":{"start":{"line":41,"column":57},"end":{"line":41,"column":85}},"14":{"start":{"line":42,"column":2},"end":{"line":44,"column":null}},"15":{"start":{"line":43,"column":3},"end":{"line":43,"column":39}},"16":{"start":{"line":51,"column":13},"end":{"line":55,"column":3}}},"fnMap":{"0":{"name":"(anonymous_1)","decl":{"start":{"line":38,"column":30},"end":{"line":38,"column":31}},"loc":{"start":{"line":38,"column":49},"end":{"line":45,"column":2}}},"1":{"name":"(anonymous_2)","decl":{"start":{"line":41,"column":38},"end":{"line":41,"column":39}},"loc":{"start":{"line":41,"column":57},"end":{"line":41,"column":85}}}},"branchMap":{"0":{"loc":{"start":{"line":42,"column":2},"end":{"line":44,"column":null}},"type":"if","locations":[{"start":{"line":42,"column":2},"end":{"line":44,"column":null}}]}},"s":{"0":4,"1":4,"2":4,"3":4,"4":4,"5":4,"6":4,"7":4,"8":4,"9":4,"10":2,"11":2,"12":2,"13":3,"14":2,"15":1,"16":4},"f":{"0":2,"1":3},"b":{"0":[1]}}
,"C:\\Users\\camilo.alvarez_pragm\\Documents\\Camilo\\pragma\\reto_backend\\plaza-microservice\\src\\modules\\app\\dtos\\request\\restaurant.dto.ts": {"path":"C:\\Users\\camilo.alvarez_pragm\\Documents\\Camilo\\pragma\\reto_backend\\plaza-microservice\\src\\modules\\app\\dtos\\request\\restaurant.dto.ts","statementMap":{"0":{"start":{"line":1,"column":0},"end":{"line":1,"column":22}},"1":{"start":{"line":4,"column":23},"end":{"line":12,"column":2}},"2":{"start":{"line":14,"column":13},"end":{"line":17,"column":43}},"3":{"start":{"line":18,"column":16},"end":{"line":18,"column":44}},"4":{"start":{"line":19,"column":16},"end":{"line":19,"column":49}},"5":{"start":{"line":20,"column":14},"end":{"line":20,"column":55}},"6":{"start":{"line":21,"column":16},"end":{"line":21,"column":34}},"7":{"start":{"line":22,"column":12},"end":{"line":22,"column":50}},"8":{"start":{"line":25,"column":13},"end":{"line":36,"column":3}}},"fnMap":{},"branchMap":{},"s":{"0":5,"1":5,"2":5,"3":5,"4":5,"5":5,"6":5,"7":5,"8":5},"f":{},"b":{}}
,"C:\\Users\\camilo.alvarez_pragm\\Documents\\Camilo\\pragma\\reto_backend\\plaza-microservice\\src\\modules\\app\\usecases\\dish.usecase.ts": {"path":"C:\\Users\\camilo.alvarez_pragm\\Documents\\Camilo\\pragma\\reto_backend\\plaza-microservice\\src\\modules\\app\\usecases\\dish.usecase.ts","statementMap":{"0":{"start":{"line":1,"column":0},"end":{"line":1,"column":30}},"1":{"start":{"line":10,"column":19},"end":{"line":10,"column":50}},"2":{"start":{"line":11,"column":19},"end":{"line":11,"column":58}},"3":{"start":{"line":12,"column":19},"end":{"line":12,"column":62}},"4":{"start":{"line":16,"column":15},"end":{"line":18,"column":null}},"5":{"start":{"line":21,"column":19},"end":{"line":21,"column":76}},"6":{"start":{"line":22,"column":2},"end":{"line":24,"column":null}},"7":{"start":{"line":23,"column":3},"end":{"line":23,"column":50}},"8":{"start":{"line":26,"column":21},"end":{"line":26,"column":82}},"9":{"start":{"line":27,"column":2},"end":{"line":29,"column":null}},"10":{"start":{"line":28,"column":3},"end":{"line":28,"column":52}},"11":{"start":{"line":37,"column":18},"end":{"line":37,"column":59}},"12":{"start":{"line":39,"column":2},"end":{"line":39,"column":17}},"13":{"start":{"line":47,"column":19},"end":{"line":47,"column":61}},"14":{"start":{"line":48,"column":2},"end":{"line":50,"column":null}},"15":{"start":{"line":49,"column":3},"end":{"line":49,"column":46}},"16":{"start":{"line":52,"column":21},"end":{"line":52,"column":86}},"17":{"start":{"line":53,"column":2},"end":{"line":55,"column":null}},"18":{"start":{"line":54,"column":3},"end":{"line":54,"column":52}},"19":{"start":{"line":57,"column":2},"end":{"line":61,"column":null}},"20":{"start":{"line":58,"column":3},"end":{"line":60,"column":5}},"21":{"start":{"line":63,"column":22},"end":{"line":63,"column":68}},"22":{"start":{"line":65,"column":2},"end":{"line":65,"column":21}},"23":{"start":{"line":74,"column":21},"end":{"line":74,"column":75}},"24":{"start":{"line":75,"column":2},"end":{"line":77,"column":null}},"25":{"start":{"line":76,"column":3},"end":{"line":76,"column":52}},"26":{"start":{"line":79,"column":17},"end":{"line":83,"column":null}},"27":{"start":{"line":86,"column":2},"end":{"line":86,"column":16}},"28":{"start":{"line":8,"column":0},"end":{"line":8,"column":13}}},"fnMap":{"0":{"name":"(anonymous_8)","decl":{"start":{"line":9,"column":1},"end":{"line":9,"column":null}},"loc":{"start":{"line":12,"column":62},"end":{"line":13,"column":5}}},"1":{"name":"(anonymous_9)","decl":{"start":{"line":15,"column":7},"end":{"line":15,"column":13}},"loc":{"start":{"line":15,"column":60},"end":{"line":40,"column":null}}},"2":{"name":"(anonymous_11)","decl":{"start":{"line":42,"column":7},"end":{"line":42,"column":13}},"loc":{"start":{"line":45,"column":26},"end":{"line":66,"column":null}}},"3":{"name":"(anonymous_13)","decl":{"start":{"line":68,"column":7},"end":{"line":68,"column":41}},"loc":{"start":{"line":72,"column":27},"end":{"line":87,"column":null}}}},"branchMap":{"0":{"loc":{"start":{"line":22,"column":2},"end":{"line":24,"column":null}},"type":"if","locations":[{"start":{"line":22,"column":2},"end":{"line":24,"column":null}}]},"1":{"loc":{"start":{"line":27,"column":2},"end":{"line":29,"column":null}},"type":"if","locations":[{"start":{"line":27,"column":2},"end":{"line":29,"column":null}}]},"2":{"loc":{"start":{"line":48,"column":2},"end":{"line":50,"column":null}},"type":"if","locations":[{"start":{"line":48,"column":2},"end":{"line":50,"column":null}}]},"3":{"loc":{"start":{"line":53,"column":2},"end":{"line":55,"column":null}},"type":"if","locations":[{"start":{"line":53,"column":2},"end":{"line":55,"column":null}}]},"4":{"loc":{"start":{"line":57,"column":2},"end":{"line":61,"column":null}},"type":"if","locations":[{"start":{"line":57,"column":2},"end":{"line":61,"column":null}}]},"5":{"loc":{"start":{"line":75,"column":2},"end":{"line":77,"column":null}},"type":"if","locations":[{"start":{"line":75,"column":2},"end":{"line":77,"column":null}}]}},"s":{"0":4,"1":4,"2":4,"3":4,"4":3,"5":3,"6":3,"7":1,"8":2,"9":2,"10":2,"11":0,"12":0,"13":1,"14":1,"15":1,"16":0,"17":0,"18":0,"19":0,"20":0,"21":0,"22":0,"23":2,"24":2,"25":1,"26":1,"27":1,"28":4},"f":{"0":4,"1":3,"2":1,"3":2},"b":{"0":[1],"1":[2],"2":[1],"3":[0],"4":[0],"5":[1]}}
,"C:\\Users\\camilo.alvarez_pragm\\Documents\\Camilo\\pragma\\reto_backend\\plaza-microservice\\src\\modules\\app\\usecases\\employee.controller.ts": {"path":"C:\\Users\\camilo.alvarez_pragm\\Documents\\Camilo\\pragma\\reto_backend\\plaza-microservice\\src\\modules\\app\\usecases\\employee.controller.ts","statementMap":{"0":{"start":{"line":5,"column":30},"end":{"line":5,"column":69}},"1":{"start":{"line":8,"column":2},"end":{"line":8,"column":56}},"2":{"start":{"line":4,"column":0},"end":{"line":4,"column":13}}},"fnMap":{"0":{"name":"(anonymous_7)","decl":{"start":{"line":5,"column":1},"end":{"line":5,"column":30}},"loc":{"start":{"line":5,"column":69},"end":{"line":5,"column":73}}},"1":{"name":"(anonymous_8)","decl":{"start":{"line":7,"column":7},"end":{"line":7,"column":13}},"loc":{"start":{"line":7,"column":33},"end":{"line":9,"column":null}}}},"branchMap":{},"s":{"0":4,"1":0,"2":4},"f":{"0":4,"1":0},"b":{}}
,"C:\\Users\\camilo.alvarez_pragm\\Documents\\Camilo\\pragma\\reto_backend\\plaza-microservice\\src\\modules\\app\\usecases\\order.usecase.ts": {"path":"C:\\Users\\camilo.alvarez_pragm\\Documents\\Camilo\\pragma\\reto_backend\\plaza-microservice\\src\\modules\\app\\usecases\\order.usecase.ts","statementMap":{"0":{"start":{"line":10,"column":0},"end":{"line":10,"column":78}},"1":{"start":{"line":15,"column":0},"end":{"line":15,"column":30}},"2":{"start":{"line":23,"column":19},"end":{"line":23,"column":52}},"3":{"start":{"line":24,"column":19},"end":{"line":24,"column":70}},"4":{"start":{"line":25,"column":19},"end":{"line":25,"column":60}},"5":{"start":{"line":26,"column":19},"end":{"line":26,"column":54}},"6":{"start":{"line":27,"column":19},"end":{"line":27,"column":58}},"7":{"start":{"line":28,"column":19},"end":{"line":28,"column":58}},"8":{"start":{"line":29,"column":19},"end":{"line":29,"column":62}},"9":{"start":{"line":33,"column":22},"end":{"line":35,"column":null}},"10":{"start":{"line":38,"column":2},"end":{"line":40,"column":null}},"11":{"start":{"line":39,"column":3},"end":{"line":39,"column":53}},"12":{"start":{"line":42,"column":37},"end":{"line":50,"column":4}},"13":{"start":{"line":51,"column":22},"end":{"line":51,"column":77}},"14":{"start":{"line":52,"column":23},"end":{"line":52,"column":70}},"15":{"start":{"line":54,"column":24},"end":{"line":58,"column":5}},"16":{"start":{"line":54,"column":75},"end":{"line":58,"column":4}},"17":{"start":{"line":60,"column":2},"end":{"line":60,"column":68}},"18":{"start":{"line":61,"column":51},"end":{"line":67,"column":4}},"19":{"start":{"line":68,"column":2},"end":{"line":68,"column":85}},"20":{"start":{"line":70,"column":2},"end":{"line":70,"column":22}},"21":{"start":{"line":79,"column":19},"end":{"line":79,"column":87}},"22":{"start":{"line":80,"column":2},"end":{"line":82,"column":null}},"23":{"start":{"line":81,"column":3},"end":{"line":81,"column":53}},"24":{"start":{"line":83,"column":17},"end":{"line":87,"column":null}},"25":{"start":{"line":90,"column":2},"end":{"line":90,"column":16}},"26":{"start":{"line":94,"column":24},"end":{"line":94,"column":72}},"27":{"start":{"line":95,"column":2},"end":{"line":97,"column":null}},"28":{"start":{"line":96,"column":3},"end":{"line":96,"column":51}},"29":{"start":{"line":98,"column":2},"end":{"line":100,"column":null}},"30":{"start":{"line":99,"column":3},"end":{"line":99,"column":66}},"31":{"start":{"line":101,"column":37},"end":{"line":104,"column":4}},"32":{"start":{"line":105,"column":15},"end":{"line":106,"column":null}},"33":{"start":{"line":108,"column":2},"end":{"line":110,"column":null}},"34":{"start":{"line":109,"column":3},"end":{"line":109,"column":49}},"35":{"start":{"line":112,"column":2},"end":{"line":114,"column":null}},"36":{"start":{"line":113,"column":3},"end":{"line":113,"column":73}},"37":{"start":{"line":116,"column":23},"end":{"line":116,"column":84}},"38":{"start":{"line":118,"column":20},"end":{"line":118,"column":78}},"39":{"start":{"line":119,"column":51},"end":{"line":124,"column":4}},"40":{"start":{"line":125,"column":2},"end":{"line":125,"column":87}},"41":{"start":{"line":127,"column":2},"end":{"line":127,"column":22}},"42":{"start":{"line":131,"column":21},"end":{"line":131,"column":22}},"43":{"start":{"line":132,"column":14},"end":{"line":132,"column":42}},"44":{"start":{"line":133,"column":14},"end":{"line":133,"column":42}},"45":{"start":{"line":135,"column":2},"end":{"line":135,"column":59}},"46":{"start":{"line":139,"column":24},"end":{"line":139,"column":72}},"47":{"start":{"line":140,"column":2},"end":{"line":142,"column":null}},"48":{"start":{"line":141,"column":3},"end":{"line":141,"column":51}},"49":{"start":{"line":143,"column":2},"end":{"line":145,"column":null}},"50":{"start":{"line":144,"column":3},"end":{"line":144,"column":71}},"51":{"start":{"line":146,"column":19},"end":{"line":146,"column":97}},"52":{"start":{"line":147,"column":2},"end":{"line":149,"column":null}},"53":{"start":{"line":148,"column":3},"end":{"line":148,"column":53}},"54":{"start":{"line":151,"column":2},"end":{"line":153,"column":null}},"55":{"start":{"line":152,"column":3},"end":{"line":152,"column":77}},"56":{"start":{"line":154,"column":27},"end":{"line":154,"column":69}},"57":{"start":{"line":155,"column":18},"end":{"line":155,"column":160}},"58":{"start":{"line":156,"column":2},"end":{"line":156,"column":49}},"59":{"start":{"line":158,"column":37},"end":{"line":161,"column":4}},"60":{"start":{"line":163,"column":23},"end":{"line":163,"column":84}},"61":{"start":{"line":165,"column":51},"end":{"line":168,"column":4}},"62":{"start":{"line":169,"column":2},"end":{"line":169,"column":87}},"63":{"start":{"line":171,"column":2},"end":{"line":171,"column":22}},"64":{"start":{"line":180,"column":24},"end":{"line":180,"column":72}},"65":{"start":{"line":181,"column":2},"end":{"line":183,"column":null}},"66":{"start":{"line":182,"column":3},"end":{"line":182,"column":51}},"67":{"start":{"line":184,"column":2},"end":{"line":186,"column":null}},"68":{"start":{"line":185,"column":3},"end":{"line":185,"column":62}},"69":{"start":{"line":187,"column":2},"end":{"line":191,"column":null}},"70":{"start":{"line":188,"column":3},"end":{"line":190,"column":5}},"71":{"start":{"line":193,"column":19},"end":{"line":193,"column":97}},"72":{"start":{"line":194,"column":2},"end":{"line":196,"column":null}},"73":{"start":{"line":195,"column":3},"end":{"line":195,"column":53}},"74":{"start":{"line":197,"column":2},"end":{"line":199,"column":null}},"75":{"start":{"line":198,"column":3},"end":{"line":198,"column":77}},"76":{"start":{"line":200,"column":37},"end":{"line":203,"column":4}},"77":{"start":{"line":205,"column":23},"end":{"line":205,"column":84}},"78":{"start":{"line":207,"column":51},"end":{"line":210,"column":4}},"79":{"start":{"line":211,"column":2},"end":{"line":211,"column":87}},"80":{"start":{"line":213,"column":2},"end":{"line":213,"column":22}},"81":{"start":{"line":217,"column":24},"end":{"line":217,"column":72}},"82":{"start":{"line":218,"column":2},"end":{"line":220,"column":null}},"83":{"start":{"line":219,"column":3},"end":{"line":219,"column":51}},"84":{"start":{"line":221,"column":2},"end":{"line":223,"column":null}},"85":{"start":{"line":222,"column":3},"end":{"line":222,"column":94}},"86":{"start":{"line":224,"column":37},"end":{"line":226,"column":4}},"87":{"start":{"line":228,"column":23},"end":{"line":228,"column":84}},"88":{"start":{"line":229,"column":51},"end":{"line":232,"column":4}},"89":{"start":{"line":233,"column":2},"end":{"line":233,"column":93}},"90":{"start":{"line":235,"column":2},"end":{"line":235,"column":22}},"91":{"start":{"line":239,"column":21},"end":{"line":239,"column":75}},"92":{"start":{"line":240,"column":2},"end":{"line":242,"column":null}},"93":{"start":{"line":241,"column":3},"end":{"line":241,"column":56}},"94":{"start":{"line":243,"column":2},"end":{"line":245,"column":null}},"95":{"start":{"line":244,"column":3},"end":{"line":244,"column":68}},"96":{"start":{"line":247,"column":23},"end":{"line":247,"column":84}},"97":{"start":{"line":248,"column":20},"end":{"line":248,"column":90}},"98":{"start":{"line":249,"column":23},"end":{"line":249,"column":72}},"99":{"start":{"line":249,"column":51},"end":{"line":249,"column":71}},"100":{"start":{"line":250,"column":31},"end":{"line":252,"column":null}},"101":{"start":{"line":254,"column":60},"end":{"line":260,"column":null}},"102":{"start":{"line":256,"column":4},"end":{"line":259,"column":6}},"103":{"start":{"line":263,"column":2},"end":{"line":266,"column":25}},"104":{"start":{"line":21,"column":0},"end":{"line":21,"column":13}}},"fnMap":{"0":{"name":"(anonymous_8)","decl":{"start":{"line":22,"column":1},"end":{"line":22,"column":null}},"loc":{"start":{"line":29,"column":62},"end":{"line":30,"column":5}}},"1":{"name":"(anonymous_9)","decl":{"start":{"line":32,"column":7},"end":{"line":32,"column":13}},"loc":{"start":{"line":32,"column":74},"end":{"line":71,"column":null}}},"2":{"name":"(anonymous_11)","decl":{"start":{"line":54,"column":51},"end":{"line":54,"column":52}},"loc":{"start":{"line":54,"column":75},"end":{"line":58,"column":4}}},"3":{"name":"(anonymous_12)","decl":{"start":{"line":73,"column":7},"end":{"line":73,"column":32}},"loc":{"start":{"line":77,"column":15},"end":{"line":91,"column":null}}},"4":{"name":"(anonymous_14)","decl":{"start":{"line":93,"column":7},"end":{"line":93,"column":18}},"loc":{"start":{"line":93,"column":74},"end":{"line":128,"column":null}}},"5":{"name":"(anonymous_16)","decl":{"start":{"line":130,"column":9},"end":{"line":130,"column":33}},"loc":{"start":{"line":130,"column":33},"end":{"line":136,"column":2}}},"6":{"name":"(anonymous_17)","decl":{"start":{"line":138,"column":7},"end":{"line":138,"column":22}},"loc":{"start":{"line":138,"column":78},"end":{"line":172,"column":null}}},"7":{"name":"(anonymous_19)","decl":{"start":{"line":174,"column":7},"end":{"line":174,"column":27}},"loc":{"start":{"line":178,"column":15},"end":{"line":214,"column":null}}},"8":{"name":"(anonymous_21)","decl":{"start":{"line":216,"column":7},"end":{"line":216,"column":18}},"loc":{"start":{"line":216,"column":49},"end":{"line":236,"column":null}}},"9":{"name":"(anonymous_23)","decl":{"start":{"line":238,"column":7},"end":{"line":238,"column":25}},"loc":{"start":{"line":238,"column":71},"end":{"line":267,"column":null}}},"10":{"name":"(anonymous_25)","decl":{"start":{"line":249,"column":37},"end":{"line":249,"column":38}},"loc":{"start":{"line":249,"column":51},"end":{"line":249,"column":71}}},"11":{"name":"(anonymous_26)","decl":{"start":{"line":255,"column":3},"end":{"line":255,"column":4}},"loc":{"start":{"line":255,"column":16},"end":{"line":260,"column":4}}}},"branchMap":{"0":{"loc":{"start":{"line":38,"column":2},"end":{"line":40,"column":null}},"type":"if","locations":[{"start":{"line":38,"column":2},"end":{"line":40,"column":null}}]},"1":{"loc":{"start":{"line":80,"column":2},"end":{"line":82,"column":null}},"type":"if","locations":[{"start":{"line":80,"column":2},"end":{"line":82,"column":null}}]},"2":{"loc":{"start":{"line":95,"column":2},"end":{"line":97,"column":null}},"type":"if","locations":[{"start":{"line":95,"column":2},"end":{"line":97,"column":null}}]},"3":{"loc":{"start":{"line":98,"column":2},"end":{"line":100,"column":null}},"type":"if","locations":[{"start":{"line":98,"column":2},"end":{"line":100,"column":null}}]},"4":{"loc":{"start":{"line":108,"column":2},"end":{"line":110,"column":null}},"type":"if","locations":[{"start":{"line":108,"column":2},"end":{"line":110,"column":null}}]},"5":{"loc":{"start":{"line":112,"column":2},"end":{"line":114,"column":null}},"type":"if","locations":[{"start":{"line":112,"column":2},"end":{"line":114,"column":null}}]},"6":{"loc":{"start":{"line":140,"column":2},"end":{"line":142,"column":null}},"type":"if","locations":[{"start":{"line":140,"column":2},"end":{"line":142,"column":null}}]},"7":{"loc":{"start":{"line":143,"column":2},"end":{"line":145,"column":null}},"type":"if","locations":[{"start":{"line":143,"column":2},"end":{"line":145,"column":null}}]},"8":{"loc":{"start":{"line":147,"column":2},"end":{"line":149,"column":null}},"type":"if","locations":[{"start":{"line":147,"column":2},"end":{"line":149,"column":null}}]},"9":{"loc":{"start":{"line":151,"column":2},"end":{"line":153,"column":null}},"type":"if","locations":[{"start":{"line":151,"column":2},"end":{"line":153,"column":null}}]},"10":{"loc":{"start":{"line":181,"column":2},"end":{"line":183,"column":null}},"type":"if","locations":[{"start":{"line":181,"column":2},"end":{"line":183,"column":null}}]},"11":{"loc":{"start":{"line":184,"column":2},"end":{"line":186,"column":null}},"type":"if","locations":[{"start":{"line":184,"column":2},"end":{"line":186,"column":null}}]},"12":{"loc":{"start":{"line":187,"column":2},"end":{"line":191,"column":null}},"type":"if","locations":[{"start":{"line":187,"column":2},"end":{"line":191,"column":null}}]},"13":{"loc":{"start":{"line":194,"column":2},"end":{"line":196,"column":null}},"type":"if","locations":[{"start":{"line":194,"column":2},"end":{"line":196,"column":null}}]},"14":{"loc":{"start":{"line":197,"column":2},"end":{"line":199,"column":null}},"type":"if","locations":[{"start":{"line":197,"column":2},"end":{"line":199,"column":null}}]},"15":{"loc":{"start":{"line":218,"column":2},"end":{"line":220,"column":null}},"type":"if","locations":[{"start":{"line":218,"column":2},"end":{"line":220,"column":null}}]},"16":{"loc":{"start":{"line":221,"column":2},"end":{"line":223,"column":null}},"type":"if","locations":[{"start":{"line":221,"column":2},"end":{"line":223,"column":null}}]},"17":{"loc":{"start":{"line":240,"column":2},"end":{"line":242,"column":null}},"type":"if","locations":[{"start":{"line":240,"column":2},"end":{"line":242,"column":null}}]},"18":{"loc":{"start":{"line":243,"column":2},"end":{"line":245,"column":null}},"type":"if","locations":[{"start":{"line":243,"column":2},"end":{"line":245,"column":null}}]}},"s":{"0":5,"1":5,"2":28,"3":28,"4":28,"5":28,"6":28,"7":28,"8":28,"9":2,"10":2,"11":1,"12":1,"13":1,"14":1,"15":1,"16":2,"17":1,"18":1,"19":1,"20":1,"21":2,"22":2,"23":1,"24":1,"25":1,"26":5,"27":5,"28":1,"29":4,"30":1,"31":3,"32":3,"33":3,"34":1,"35":2,"36":1,"37":1,"38":1,"39":1,"40":1,"41":1,"42":0,"43":0,"44":0,"45":0,"46":5,"47":5,"48":1,"49":4,"50":1,"51":3,"52":3,"53":1,"54":2,"55":1,"56":1,"57":1,"58":1,"59":1,"60":1,"61":1,"62":1,"63":1,"64":4,"65":4,"66":1,"67":3,"68":1,"69":2,"70":1,"71":1,"72":1,"73":0,"74":1,"75":0,"76":1,"77":1,"78":1,"79":1,"80":1,"81":3,"82":3,"83":1,"84":2,"85":1,"86":1,"87":1,"88":1,"89":1,"90":1,"91":3,"92":3,"93":1,"94":2,"95":1,"96":1,"97":1,"98":1,"99":2,"100":1,"101":1,"102":2,"103":1,"104":5},"f":{"0":28,"1":2,"2":2,"3":2,"4":5,"5":0,"6":5,"7":4,"8":3,"9":3,"10":2,"11":2},"b":{"0":[1],"1":[1],"2":[1],"3":[1],"4":[1],"5":[1],"6":[1],"7":[1],"8":[1],"9":[1],"10":[1],"11":[1],"12":[1],"13":[0],"14":[0],"15":[1],"16":[1],"17":[1],"18":[1]}}
,"C:\\Users\\camilo.alvarez_pragm\\Documents\\Camilo\\pragma\\reto_backend\\plaza-microservice\\src\\modules\\app\\usecases\\restaurant.usecase.ts": {"path":"C:\\Users\\camilo.alvarez_pragm\\Documents\\Camilo\\pragma\\reto_backend\\plaza-microservice\\src\\modules\\app\\usecases\\restaurant.usecase.ts","statementMap":{"0":{"start":{"line":6,"column":30},"end":{"line":6,"column":73}},"1":{"start":{"line":9,"column":24},"end":{"line":9,"column":74}},"2":{"start":{"line":11,"column":2},"end":{"line":11,"column":23}},"3":{"start":{"line":18,"column":22},"end":{"line":18,"column":85}},"4":{"start":{"line":20,"column":2},"end":{"line":25,"column":5}},"5":{"start":{"line":21,"column":3},"end":{"line":24,"column":43}},"6":{"start":{"line":5,"column":0},"end":{"line":5,"column":13}}},"fnMap":{"0":{"name":"(anonymous_7)","decl":{"start":{"line":6,"column":1},"end":{"line":6,"column":30}},"loc":{"start":{"line":6,"column":73},"end":{"line":6,"column":77}}},"1":{"name":"(anonymous_8)","decl":{"start":{"line":8,"column":7},"end":{"line":8,"column":13}},"loc":{"start":{"line":8,"column":49},"end":{"line":12,"column":null}}},"2":{"name":"(anonymous_10)","decl":{"start":{"line":14,"column":7},"end":{"line":14,"column":25}},"loc":{"start":{"line":16,"column":15},"end":{"line":26,"column":null}}},"3":{"name":"(anonymous_12)","decl":{"start":{"line":20,"column":25},"end":{"line":20,"column":26}},"loc":{"start":{"line":20,"column":40},"end":{"line":25,"column":3}}}},"branchMap":{},"s":{"0":4,"1":0,"2":0,"3":2,"4":2,"5":16,"6":4},"f":{"0":4,"1":0,"2":2,"3":16},"b":{}}
,"C:\\Users\\camilo.alvarez_pragm\\Documents\\Camilo\\pragma\\reto_backend\\plaza-microservice\\src\\modules\\domain\\enums\\preparationStages.enum.ts": {"path":"C:\\Users\\camilo.alvarez_pragm\\Documents\\Camilo\\pragma\\reto_backend\\plaza-microservice\\src\\modules\\domain\\enums\\preparationStages.enum.ts","statementMap":{"0":{"start":{"line":1,"column":0},"end":{"line":1,"column":null}},"1":{"start":{"line":2,"column":1},"end":{"line":2,"column":null}},"2":{"start":{"line":3,"column":1},"end":{"line":3,"column":null}},"3":{"start":{"line":4,"column":1},"end":{"line":4,"column":null}},"4":{"start":{"line":5,"column":1},"end":{"line":5,"column":null}},"5":{"start":{"line":6,"column":1},"end":{"line":6,"column":null}}},"fnMap":{"0":{"name":"(anonymous_0)","decl":{"start":{"line":1,"column":0},"end":{"line":1,"column":12}},"loc":{"start":{"line":1,"column":29},"end":{"line":7,"column":1}}}},"branchMap":{"0":{"loc":{"start":{"line":1,"column":12},"end":{"line":1,"column":null}},"type":"binary-expr","locations":[{"start":{"line":1,"column":12},"end":{"line":1,"column":29}},{"start":{"line":1,"column":29},"end":{"line":1,"column":null}}]}},"s":{"0":8,"1":8,"2":8,"3":8,"4":8,"5":8},"f":{"0":8},"b":{"0":[8,8]}}
,"C:\\Users\\camilo.alvarez_pragm\\Documents\\Camilo\\pragma\\reto_backend\\plaza-microservice\\src\\modules\\domain\\enums\\role-type.enum.ts": {"path":"C:\\Users\\camilo.alvarez_pragm\\Documents\\Camilo\\pragma\\reto_backend\\plaza-microservice\\src\\modules\\domain\\enums\\role-type.enum.ts","statementMap":{"0":{"start":{"line":1,"column":0},"end":{"line":1,"column":null}},"1":{"start":{"line":2,"column":1},"end":{"line":2,"column":null}},"2":{"start":{"line":3,"column":1},"end":{"line":3,"column":null}},"3":{"start":{"line":4,"column":1},"end":{"line":4,"column":null}},"4":{"start":{"line":5,"column":1},"end":{"line":5,"column":null}}},"fnMap":{"0":{"name":"(anonymous_0)","decl":{"start":{"line":1,"column":0},"end":{"line":1,"column":12}},"loc":{"start":{"line":1,"column":20},"end":{"line":6,"column":1}}}},"branchMap":{"0":{"loc":{"start":{"line":1,"column":12},"end":{"line":1,"column":null}},"type":"binary-expr","locations":[{"start":{"line":1,"column":12},"end":{"line":1,"column":20}},{"start":{"line":1,"column":20},"end":{"line":1,"column":null}}]}},"s":{"0":5,"1":5,"2":5,"3":5,"4":5},"f":{"0":5},"b":{"0":[5,5]}}
,"C:\\Users\\camilo.alvarez_pragm\\Documents\\Camilo\\pragma\\reto_backend\\plaza-microservice\\src\\modules\\infrastructure\\dependencies.ts": {"path":"C:\\Users\\camilo.alvarez_pragm\\Documents\\Camilo\\pragma\\reto_backend\\plaza-microservice\\src\\modules\\infrastructure\\dependencies.ts","statementMap":{"0":{"start":{"line":1,"column":0},"end":{"line":1,"column":71}},"1":{"start":{"line":2,"column":0},"end":{"line":2,"column":75}},"2":{"start":{"line":3,"column":0},"end":{"line":3,"column":86}},"3":{"start":{"line":4,"column":0},"end":{"line":4,"column":59}},"4":{"start":{"line":5,"column":0},"end":{"line":5,"column":62}},"5":{"start":{"line":6,"column":0},"end":{"line":6,"column":94}},"6":{"start":{"line":7,"column":0},"end":{"line":7,"column":98}},"7":{"start":{"line":8,"column":0},"end":{"line":8,"column":94}},"8":{"start":{"line":9,"column":0},"end":{"line":9,"column":70}},"9":{"start":{"line":10,"column":0},"end":{"line":10,"column":70}},"10":{"start":{"line":11,"column":0},"end":{"line":11,"column":84}},"11":{"start":{"line":12,"column":0},"end":{"line":12,"column":68}},"12":{"start":{"line":13,"column":0},"end":{"line":13,"column":61}},"13":{"start":{"line":14,"column":0},"end":{"line":14,"column":88}},"14":{"start":{"line":15,"column":0},"end":{"line":15,"column":97}},"15":{"start":{"line":16,"column":0},"end":{"line":16,"column":64}},"16":{"start":{"line":17,"column":0},"end":{"line":17,"column":74}},"17":{"start":{"line":20,"column":29},"end":{"line":20,"column":65}},"18":{"start":{"line":21,"column":27},"end":{"line":21,"column":61}},"19":{"start":{"line":22,"column":23},"end":{"line":22,"column":53}},"20":{"start":{"line":23,"column":27},"end":{"line":23,"column":61}},"21":{"start":{"line":24,"column":24},"end":{"line":24,"column":55}},"22":{"start":{"line":25,"column":28},"end":{"line":25,"column":63}},"23":{"start":{"line":28,"column":33},"end":{"line":28,"column":63}},"24":{"start":{"line":29,"column":27},"end":{"line":29,"column":51}},"25":{"start":{"line":30,"column":13},"end":{"line":30,"column":55}},"26":{"start":{"line":33,"column":26},"end":{"line":33,"column":69}},"27":{"start":{"line":34,"column":20},"end":{"line":34,"column":93}},"28":{"start":{"line":35,"column":24},"end":{"line":35,"column":63}},"29":{"start":{"line":36,"column":21},"end":{"line":43,"column":null}},"30":{"start":{"line":47,"column":13},"end":{"line":47,"column":80}},"31":{"start":{"line":48,"column":13},"end":{"line":48,"column":62}},"32":{"start":{"line":49,"column":13},"end":{"line":49,"column":74}},"33":{"start":{"line":50,"column":13},"end":{"line":50,"column":65}}},"fnMap":{},"branchMap":{},"s":{"0":4,"1":4,"2":4,"3":4,"4":4,"5":4,"6":4,"7":4,"8":4,"9":4,"10":4,"11":4,"12":4,"13":4,"14":4,"15":4,"16":4,"17":4,"18":4,"19":4,"20":4,"21":4,"22":4,"23":4,"24":4,"25":4,"26":4,"27":4,"28":4,"29":4,"30":4,"31":4,"32":4,"33":4},"f":{},"b":{}}
,"C:\\Users\\camilo.alvarez_pragm\\Documents\\Camilo\\pragma\\reto_backend\\plaza-microservice\\src\\modules\\infrastructure\\Endpoints\\admin.routes.ts": {"path":"C:\\Users\\camilo.alvarez_pragm\\Documents\\Camilo\\pragma\\reto_backend\\plaza-microservice\\src\\modules\\infrastructure\\Endpoints\\admin.routes.ts","statementMap":{"0":{"start":{"line":1,"column":0},"end":{"line":1,"column":33}},"1":{"start":{"line":2,"column":0},"end":{"line":2,"column":null}},"2":{"start":{"line":7,"column":0},"end":{"line":7,"column":79}},"3":{"start":{"line":8,"column":0},"end":{"line":8,"column":61}},"4":{"start":{"line":9,"column":0},"end":{"line":9,"column":55}},"5":{"start":{"line":10,"column":0},"end":{"line":10,"column":32}},"6":{"start":{"line":12,"column":15},"end":{"line":12,"column":23}},"7":{"start":{"line":14,"column":0},"end":{"line":21,"column":2}},"8":{"start":{"line":23,"column":0},"end":{"line":23,"column":22}}},"fnMap":{},"branchMap":{},"s":{"0":3,"1":3,"2":3,"3":3,"4":3,"5":3,"6":3,"7":3,"8":3},"f":{},"b":{}}
,"C:\\Users\\camilo.alvarez_pragm\\Documents\\Camilo\\pragma\\reto_backend\\plaza-microservice\\src\\modules\\infrastructure\\Endpoints\\client.routes.ts": {"path":"C:\\Users\\camilo.alvarez_pragm\\Documents\\Camilo\\pragma\\reto_backend\\plaza-microservice\\src\\modules\\infrastructure\\Endpoints\\client.routes.ts","statementMap":{"0":{"start":{"line":1,"column":0},"end":{"line":1,"column":33}},"1":{"start":{"line":2,"column":0},"end":{"line":2,"column":null}},"2":{"start":{"line":7,"column":0},"end":{"line":7,"column":32}},"3":{"start":{"line":8,"column":0},"end":{"line":8,"column":61}},"4":{"start":{"line":9,"column":0},"end":{"line":9,"column":88}},"5":{"start":{"line":10,"column":0},"end":{"line":10,"column":70}},"6":{"start":{"line":12,"column":15},"end":{"line":12,"column":23}},"7":{"start":{"line":14,"column":0},"end":{"line":20,"column":2}},"8":{"start":{"line":22,"column":0},"end":{"line":28,"column":2}},"9":{"start":{"line":30,"column":0},"end":{"line":36,"column":2}},"10":{"start":{"line":38,"column":0},"end":{"line":43,"column":2}},"11":{"start":{"line":45,"column":0},"end":{"line":45,"column":22}}},"fnMap":{},"branchMap":{},"s":{"0":3,"1":3,"2":3,"3":3,"4":3,"5":3,"6":3,"7":3,"8":3,"9":3,"10":3,"11":3},"f":{},"b":{}}
,"C:\\Users\\camilo.alvarez_pragm\\Documents\\Camilo\\pragma\\reto_backend\\plaza-microservice\\src\\modules\\infrastructure\\Endpoints\\employee.routes.ts": {"path":"C:\\Users\\camilo.alvarez_pragm\\Documents\\Camilo\\pragma\\reto_backend\\plaza-microservice\\src\\modules\\infrastructure\\Endpoints\\employee.routes.ts","statementMap":{"0":{"start":{"line":1,"column":0},"end":{"line":1,"column":33}},"1":{"start":{"line":2,"column":0},"end":{"line":2,"column":32}},"2":{"start":{"line":3,"column":0},"end":{"line":3,"column":null}},"3":{"start":{"line":8,"column":0},"end":{"line":8,"column":61}},"4":{"start":{"line":9,"column":0},"end":{"line":9,"column":null}},"5":{"start":{"line":13,"column":0},"end":{"line":13,"column":50}},"6":{"start":{"line":15,"column":15},"end":{"line":15,"column":23}},"7":{"start":{"line":17,"column":0},"end":{"line":24,"column":2}},"8":{"start":{"line":26,"column":0},"end":{"line":31,"column":2}},"9":{"start":{"line":33,"column":0},"end":{"line":38,"column":2}},"10":{"start":{"line":40,"column":0},"end":{"line":46,"column":2}},"11":{"start":{"line":48,"column":0},"end":{"line":48,"column":22}}},"fnMap":{},"branchMap":{},"s":{"0":3,"1":3,"2":3,"3":3,"4":3,"5":3,"6":3,"7":3,"8":3,"9":3,"10":3,"11":3},"f":{},"b":{}}
,"C:\\Users\\camilo.alvarez_pragm\\Documents\\Camilo\\pragma\\reto_backend\\plaza-microservice\\src\\modules\\infrastructure\\Endpoints\\index.ts": {"path":"C:\\Users\\camilo.alvarez_pragm\\Documents\\Camilo\\pragma\\reto_backend\\plaza-microservice\\src\\modules\\infrastructure\\Endpoints\\index.ts","statementMap":{"0":{"start":{"line":1,"column":0},"end":{"line":1,"column":30}},"1":{"start":{"line":2,"column":0},"end":{"line":2,"column":41}},"2":{"start":{"line":3,"column":0},"end":{"line":3,"column":41}},"3":{"start":{"line":4,"column":0},"end":{"line":4,"column":43}},"4":{"start":{"line":5,"column":0},"end":{"line":5,"column":47}},"5":{"start":{"line":8,"column":16},"end":{"line":8,"column":32}},"6":{"start":{"line":9,"column":1},"end":{"line":12,"column":4}},"7":{"start":{"line":10,"column":2},"end":{"line":10,"column":null}},"8":{"start":{"line":11,"column":2},"end":{"line":11,"column":40}},"9":{"start":{"line":13,"column":1},"end":{"line":13,"column":28}},"10":{"start":{"line":14,"column":1},"end":{"line":14,"column":35}},"11":{"start":{"line":15,"column":1},"end":{"line":15,"column":41}},"12":{"start":{"line":16,"column":1},"end":{"line":16,"column":38}},"13":{"start":{"line":17,"column":1},"end":{"line":17,"column":41}},"14":{"start":{"line":20,"column":0},"end":{"line":20,"column":22}}},"fnMap":{"0":{"name":"routes","decl":{"start":{"line":7,"column":9},"end":{"line":7,"column":15}},"loc":{"start":{"line":7,"column":40},"end":{"line":18,"column":1}}},"1":{"name":"(anonymous_2)","decl":{"start":{"line":9,"column":14},"end":{"line":9,"column":15}},"loc":{"start":{"line":9,"column":27},"end":{"line":12,"column":2}}}},"branchMap":{},"s":{"0":3,"1":3,"2":3,"3":3,"4":3,"5":3,"6":3,"7":0,"8":0,"9":3,"10":3,"11":3,"12":3,"13":3,"14":3},"f":{"0":3,"1":0},"b":{}}
,"C:\\Users\\camilo.alvarez_pragm\\Documents\\Camilo\\pragma\\reto_backend\\plaza-microservice\\src\\modules\\infrastructure\\Endpoints\\owner.routes.ts": {"path":"C:\\Users\\camilo.alvarez_pragm\\Documents\\Camilo\\pragma\\reto_backend\\plaza-microservice\\src\\modules\\infrastructure\\Endpoints\\owner.routes.ts","statementMap":{"0":{"start":{"line":1,"column":0},"end":{"line":1,"column":33}},"1":{"start":{"line":2,"column":0},"end":{"line":2,"column":86}},"2":{"start":{"line":3,"column":0},"end":{"line":3,"column":94}},"3":{"start":{"line":4,"column":0},"end":{"line":4,"column":null}},"4":{"start":{"line":9,"column":0},"end":{"line":9,"column":32}},"5":{"start":{"line":10,"column":0},"end":{"line":10,"column":61}},"6":{"start":{"line":11,"column":0},"end":{"line":11,"column":75}},"7":{"start":{"line":13,"column":15},"end":{"line":13,"column":23}},"8":{"start":{"line":15,"column":0},"end":{"line":21,"column":2}},"9":{"start":{"line":23,"column":0},"end":{"line":29,"column":2}},"10":{"start":{"line":31,"column":0},"end":{"line":37,"column":2}},"11":{"start":{"line":39,"column":0},"end":{"line":45,"column":2}},"12":{"start":{"line":47,"column":0},"end":{"line":52,"column":2}},"13":{"start":{"line":54,"column":0},"end":{"line":54,"column":22}}},"fnMap":{},"branchMap":{},"s":{"0":3,"1":3,"2":3,"3":3,"4":3,"5":3,"6":3,"7":3,"8":3,"9":3,"10":3,"11":3,"12":3,"13":3},"f":{},"b":{}}
,"C:\\Users\\camilo.alvarez_pragm\\Documents\\Camilo\\pragma\\reto_backend\\plaza-microservice\\src\\modules\\infrastructure\\controller\\dish.controller.ts": {"path":"C:\\Users\\camilo.alvarez_pragm\\Documents\\Camilo\\pragma\\reto_backend\\plaza-microservice\\src\\modules\\infrastructure\\controller\\dish.controller.ts","statementMap":{"0":{"start":{"line":5,"column":0},"end":{"line":5,"column":30}},"1":{"start":{"line":8,"column":30},"end":{"line":8,"column":54}},"2":{"start":{"line":11,"column":2},"end":{"line":21,"column":null}},"3":{"start":{"line":12,"column":32},"end":{"line":12,"column":40}},"4":{"start":{"line":13,"column":23},"end":{"line":13,"column":46}},"5":{"start":{"line":14,"column":19},"end":{"line":14,"column":67}},"6":{"start":{"line":15,"column":3},"end":{"line":18,"column":6}},"7":{"start":{"line":20,"column":3},"end":{"line":20,"column":15}},"8":{"start":{"line":25,"column":2},"end":{"line":36,"column":null}},"9":{"start":{"line":26,"column":18},"end":{"line":26,"column":28}},"10":{"start":{"line":27,"column":23},"end":{"line":27,"column":46}},"11":{"start":{"line":28,"column":32},"end":{"line":28,"column":40}},"12":{"start":{"line":29,"column":23},"end":{"line":29,"column":83}},"13":{"start":{"line":30,"column":3},"end":{"line":33,"column":6}},"14":{"start":{"line":35,"column":3},"end":{"line":35,"column":15}},"15":{"start":{"line":40,"column":2},"end":{"line":54,"column":null}},"16":{"start":{"line":41,"column":14},"end":{"line":41,"column":35}},"17":{"start":{"line":42,"column":3},"end":{"line":44,"column":null}},"18":{"start":{"line":43,"column":4},"end":{"line":43,"column":69}},"19":{"start":{"line":45,"column":37},"end":{"line":45,"column":45}},"20":{"start":{"line":46,"column":23},"end":{"line":46,"column":46}},"21":{"start":{"line":47,"column":23},"end":{"line":47,"column":75}},"22":{"start":{"line":48,"column":3},"end":{"line":51,"column":6}},"23":{"start":{"line":53,"column":3},"end":{"line":53,"column":15}},"24":{"start":{"line":58,"column":2},"end":{"line":88,"column":null}},"25":{"start":{"line":59,"column":23},"end":{"line":59,"column":54}},"26":{"start":{"line":60,"column":3},"end":{"line":62,"column":null}},"27":{"start":{"line":61,"column":4},"end":{"line":61,"column":70}},"28":{"start":{"line":63,"column":27},"end":{"line":63,"column":36}},"29":{"start":{"line":64,"column":46},"end":{"line":66,"column":8}},"30":{"start":{"line":67,"column":3},"end":{"line":74,"column":6}},"31":{"start":{"line":68,"column":23},"end":{"line":68,"column":39}},"32":{"start":{"line":69,"column":4},"end":{"line":71,"column":null}},"33":{"start":{"line":70,"column":5},"end":{"line":70,"column":71}},"34":{"start":{"line":73,"column":4},"end":{"line":73,"column":22}},"35":{"start":{"line":75,"column":18},"end":{"line":79,"column":null}},"36":{"start":{"line":82,"column":3},"end":{"line":85,"column":6}},"37":{"start":{"line":87,"column":3},"end":{"line":87,"column":15}},"38":{"start":{"line":7,"column":0},"end":{"line":7,"column":13}}},"fnMap":{"0":{"name":"(anonymous_8)","decl":{"start":{"line":8,"column":1},"end":{"line":8,"column":30}},"loc":{"start":{"line":8,"column":54},"end":{"line":8,"column":58}}},"1":{"name":"(anonymous_9)","decl":{"start":{"line":10,"column":7},"end":{"line":10,"column":13}},"loc":{"start":{"line":10,"column":61},"end":{"line":22,"column":null}}},"2":{"name":"(anonymous_11)","decl":{"start":{"line":24,"column":7},"end":{"line":24,"column":13}},"loc":{"start":{"line":24,"column":61},"end":{"line":37,"column":null}}},"3":{"name":"(anonymous_13)","decl":{"start":{"line":39,"column":7},"end":{"line":39,"column":18}},"loc":{"start":{"line":39,"column":66},"end":{"line":55,"column":null}}},"4":{"name":"(anonymous_15)","decl":{"start":{"line":57,"column":7},"end":{"line":57,"column":41}},"loc":{"start":{"line":57,"column":89},"end":{"line":89,"column":null}}},"5":{"name":"(anonymous_17)","decl":{"start":{"line":67,"column":31},"end":{"line":67,"column":32}},"loc":{"start":{"line":67,"column":44},"end":{"line":74,"column":4}}}},"branchMap":{"0":{"loc":{"start":{"line":42,"column":3},"end":{"line":44,"column":null}},"type":"if","locations":[{"start":{"line":42,"column":3},"end":{"line":44,"column":null}}]},"1":{"loc":{"start":{"line":60,"column":3},"end":{"line":62,"column":null}},"type":"if","locations":[{"start":{"line":60,"column":3},"end":{"line":62,"column":null}}]},"2":{"loc":{"start":{"line":64,"column":46},"end":{"line":66,"column":8}},"type":"cond-expr","locations":[{"start":{"line":65,"column":7},"end":{"line":65,"column":51}},{"start":{"line":66,"column":6},"end":{"line":66,"column":8}}]},"3":{"loc":{"start":{"line":69,"column":4},"end":{"line":71,"column":null}},"type":"if","locations":[{"start":{"line":69,"column":4},"end":{"line":71,"column":null}}]}},"s":{"0":4,"1":4,"2":3,"3":3,"4":3,"5":3,"6":0,"7":3,"8":0,"9":0,"10":0,"11":0,"12":0,"13":0,"14":0,"15":1,"16":1,"17":1,"18":0,"19":1,"20":1,"21":1,"22":0,"23":1,"24":2,"25":2,"26":2,"27":0,"28":2,"29":2,"30":2,"31":4,"32":4,"33":0,"34":4,"35":2,"36":1,"37":1,"38":4},"f":{"0":4,"1":3,"2":0,"3":1,"4":2,"5":4},"b":{"0":[0],"1":[0],"2":[2,0],"3":[0]}}
,"C:\\Users\\camilo.alvarez_pragm\\Documents\\Camilo\\pragma\\reto_backend\\plaza-microservice\\src\\modules\\infrastructure\\controller\\employee.controller.ts": {"path":"C:\\Users\\camilo.alvarez_pragm\\Documents\\Camilo\\pragma\\reto_backend\\plaza-microservice\\src\\modules\\infrastructure\\controller\\employee.controller.ts","statementMap":{"0":{"start":{"line":6,"column":30},"end":{"line":6,"column":62}},"1":{"start":{"line":9,"column":2},"end":{"line":18,"column":null}},"2":{"start":{"line":10,"column":36},"end":{"line":10,"column":44}},"3":{"start":{"line":11,"column":23},"end":{"line":11,"column":62}},"4":{"start":{"line":12,"column":3},"end":{"line":15,"column":6}},"5":{"start":{"line":17,"column":3},"end":{"line":17,"column":15}},"6":{"start":{"line":5,"column":0},"end":{"line":5,"column":13}}},"fnMap":{"0":{"name":"(anonymous_7)","decl":{"start":{"line":6,"column":1},"end":{"line":6,"column":30}},"loc":{"start":{"line":6,"column":62},"end":{"line":6,"column":66}}},"1":{"name":"(anonymous_8)","decl":{"start":{"line":8,"column":7},"end":{"line":8,"column":13}},"loc":{"start":{"line":8,"column":61},"end":{"line":19,"column":null}}}},"branchMap":{},"s":{"0":4,"1":0,"2":0,"3":0,"4":0,"5":0,"6":4},"f":{"0":4,"1":0},"b":{}}
,"C:\\Users\\camilo.alvarez_pragm\\Documents\\Camilo\\pragma\\reto_backend\\plaza-microservice\\src\\modules\\infrastructure\\controller\\order.controller.ts": {"path":"C:\\Users\\camilo.alvarez_pragm\\Documents\\Camilo\\pragma\\reto_backend\\plaza-microservice\\src\\modules\\infrastructure\\controller\\order.controller.ts","statementMap":{"0":{"start":{"line":6,"column":0},"end":{"line":6,"column":30}},"1":{"start":{"line":9,"column":30},"end":{"line":9,"column":56}},"2":{"start":{"line":12,"column":2},"end":{"line":24,"column":null}},"3":{"start":{"line":13,"column":31},"end":{"line":13,"column":39}},"4":{"start":{"line":14,"column":23},"end":{"line":14,"column":46}},"5":{"start":{"line":15,"column":18},"end":{"line":15,"column":68}},"6":{"start":{"line":16,"column":20},"end":{"line":16,"column":76}},"7":{"start":{"line":18,"column":3},"end":{"line":21,"column":6}},"8":{"start":{"line":23,"column":3},"end":{"line":23,"column":15}},"9":{"start":{"line":28,"column":2},"end":{"line":48,"column":null}},"10":{"start":{"line":29,"column":23},"end":{"line":29,"column":46}},"11":{"start":{"line":30,"column":39},"end":{"line":32,"column":8}},"12":{"start":{"line":33,"column":16},"end":{"line":33,"column":59}},"13":{"start":{"line":34,"column":17},"end":{"line":34,"column":63}},"14":{"start":{"line":35,"column":18},"end":{"line":39,"column":null}},"15":{"start":{"line":42,"column":3},"end":{"line":45,"column":6}},"16":{"start":{"line":47,"column":3},"end":{"line":47,"column":15}},"17":{"start":{"line":52,"column":2},"end":{"line":69,"column":null}},"18":{"start":{"line":53,"column":19},"end":{"line":53,"column":47}},"19":{"start":{"line":54,"column":3},"end":{"line":58,"column":null}},"20":{"start":{"line":55,"column":4},"end":{"line":57,"column":6}},"21":{"start":{"line":59,"column":23},"end":{"line":59,"column":46}},"22":{"start":{"line":60,"column":18},"end":{"line":60,"column":68}},"23":{"start":{"line":61,"column":17},"end":{"line":61,"column":81}},"24":{"start":{"line":63,"column":3},"end":{"line":66,"column":6}},"25":{"start":{"line":68,"column":3},"end":{"line":68,"column":15}},"26":{"start":{"line":73,"column":2},"end":{"line":90,"column":null}},"27":{"start":{"line":74,"column":19},"end":{"line":74,"column":47}},"28":{"start":{"line":75,"column":3},"end":{"line":79,"column":null}},"29":{"start":{"line":76,"column":4},"end":{"line":78,"column":6}},"30":{"start":{"line":80,"column":23},"end":{"line":80,"column":46}},"31":{"start":{"line":81,"column":18},"end":{"line":81,"column":68}},"32":{"start":{"line":82,"column":17},"end":{"line":82,"column":85}},"33":{"start":{"line":84,"column":3},"end":{"line":87,"column":6}},"34":{"start":{"line":89,"column":3},"end":{"line":89,"column":15}},"35":{"start":{"line":94,"column":2},"end":{"line":117,"column":null}},"36":{"start":{"line":95,"column":19},"end":{"line":95,"column":47}},"37":{"start":{"line":96,"column":3},"end":{"line":100,"column":null}},"38":{"start":{"line":97,"column":4},"end":{"line":99,"column":6}},"39":{"start":{"line":101,"column":23},"end":{"line":101,"column":46}},"40":{"start":{"line":102,"column":18},"end":{"line":102,"column":68}},"41":{"start":{"line":103,"column":37},"end":{"line":103,"column":45}},"42":{"start":{"line":104,"column":17},"end":{"line":108,"column":null}},"43":{"start":{"line":111,"column":3},"end":{"line":114,"column":6}},"44":{"start":{"line":116,"column":3},"end":{"line":116,"column":15}},"45":{"start":{"line":121,"column":2},"end":{"line":137,"column":null}},"46":{"start":{"line":122,"column":19},"end":{"line":122,"column":47}},"47":{"start":{"line":123,"column":3},"end":{"line":127,"column":null}},"48":{"start":{"line":124,"column":4},"end":{"line":126,"column":6}},"49":{"start":{"line":128,"column":18},"end":{"line":128,"column":68}},"50":{"start":{"line":129,"column":17},"end":{"line":129,"column":68}},"51":{"start":{"line":131,"column":3},"end":{"line":134,"column":6}},"52":{"start":{"line":136,"column":3},"end":{"line":136,"column":15}},"53":{"start":{"line":141,"column":2},"end":{"line":158,"column":null}},"54":{"start":{"line":142,"column":24},"end":{"line":142,"column":57}},"55":{"start":{"line":143,"column":3},"end":{"line":147,"column":null}},"56":{"start":{"line":144,"column":4},"end":{"line":146,"column":6}},"57":{"start":{"line":148,"column":23},"end":{"line":148,"column":46}},"58":{"start":{"line":150,"column":18},"end":{"line":150,"column":87}},"59":{"start":{"line":152,"column":3},"end":{"line":155,"column":6}},"60":{"start":{"line":157,"column":3},"end":{"line":157,"column":15}},"61":{"start":{"line":8,"column":0},"end":{"line":8,"column":13}}},"fnMap":{"0":{"name":"(anonymous_8)","decl":{"start":{"line":9,"column":1},"end":{"line":9,"column":30}},"loc":{"start":{"line":9,"column":56},"end":{"line":9,"column":60}}},"1":{"name":"(anonymous_9)","decl":{"start":{"line":11,"column":7},"end":{"line":11,"column":13}},"loc":{"start":{"line":11,"column":61},"end":{"line":25,"column":null}}},"2":{"name":"(anonymous_11)","decl":{"start":{"line":27,"column":7},"end":{"line":27,"column":32}},"loc":{"start":{"line":27,"column":80},"end":{"line":49,"column":null}}},"3":{"name":"(anonymous_13)","decl":{"start":{"line":51,"column":7},"end":{"line":51,"column":18}},"loc":{"start":{"line":51,"column":66},"end":{"line":70,"column":null}}},"4":{"name":"(anonymous_15)","decl":{"start":{"line":72,"column":7},"end":{"line":72,"column":22}},"loc":{"start":{"line":72,"column":70},"end":{"line":91,"column":null}}},"5":{"name":"(anonymous_17)","decl":{"start":{"line":93,"column":7},"end":{"line":93,"column":27}},"loc":{"start":{"line":93,"column":75},"end":{"line":118,"column":null}}},"6":{"name":"(anonymous_19)","decl":{"start":{"line":120,"column":7},"end":{"line":120,"column":18}},"loc":{"start":{"line":120,"column":66},"end":{"line":138,"column":null}}},"7":{"name":"(anonymous_21)","decl":{"start":{"line":140,"column":7},"end":{"line":140,"column":26}},"loc":{"start":{"line":140,"column":74},"end":{"line":159,"column":null}}}},"branchMap":{"0":{"loc":{"start":{"line":30,"column":39},"end":{"line":32,"column":8}},"type":"cond-expr","locations":[{"start":{"line":31,"column":8},"end":{"line":31,"column":71}},{"start":{"line":32,"column":6},"end":{"line":32,"column":8}}]},"1":{"loc":{"start":{"line":33,"column":16},"end":{"line":33,"column":59}},"type":"cond-expr","locations":[{"start":{"line":33,"column":33},"end":{"line":33,"column":55}},{"start":{"line":33,"column":58},"end":{"line":33,"column":59}}]},"2":{"loc":{"start":{"line":34,"column":17},"end":{"line":34,"column":63}},"type":"cond-expr","locations":[{"start":{"line":34,"column":35},"end":{"line":34,"column":58}},{"start":{"line":34,"column":61},"end":{"line":34,"column":63}}]},"3":{"loc":{"start":{"line":54,"column":3},"end":{"line":58,"column":null}},"type":"if","locations":[{"start":{"line":54,"column":3},"end":{"line":58,"column":null}}]},"4":{"loc":{"start":{"line":54,"column":7},"end":{"line":54,"column":33}},"type":"binary-expr","locations":[{"start":{"line":54,"column":7},"end":{"line":54,"column":15}},{"start":{"line":54,"column":19},"end":{"line":54,"column":33}}]},"5":{"loc":{"start":{"line":75,"column":3},"end":{"line":79,"column":null}},"type":"if","locations":[{"start":{"line":75,"column":3},"end":{"line":79,"column":null}}]},"6":{"loc":{"start":{"line":75,"column":7},"end":{"line":75,"column":33}},"type":"binary-expr","locations":[{"start":{"line":75,"column":7},"end":{"line":75,"column":15}},{"start":{"line":75,"column":19},"end":{"line":75,"column":33}}]},"7":{"loc":{"start":{"line":96,"column":3},"end":{"line":100,"column":null}},"type":"if","locations":[{"start":{"line":96,"column":3},"end":{"line":100,"column":null}}]},"8":{"loc":{"start":{"line":96,"column":7},"end":{"line":96,"column":33}},"type":"binary-expr","locations":[{"start":{"line":96,"column":7},"end":{"line":96,"column":15}},{"start":{"line":96,"column":19},"end":{"line":96,"column":33}}]},"9":{"loc":{"start":{"line":123,"column":3},"end":{"line":127,"column":null}},"type":"if","locations":[{"start":{"line":123,"column":3},"end":{"line":127,"column":null}}]},"10":{"loc":{"start":{"line":123,"column":7},"end":{"line":123,"column":33}},"type":"binary-expr","locations":[{"start":{"line":123,"column":7},"end":{"line":123,"column":15}},{"start":{"line":123,"column":19},"end":{"line":123,"column":33}}]},"11":{"loc":{"start":{"line":143,"column":3},"end":{"line":147,"column":null}},"type":"if","locations":[{"start":{"line":143,"column":3},"end":{"line":147,"column":null}}]},"12":{"loc":{"start":{"line":143,"column":7},"end":{"line":143,"column":43}},"type":"binary-expr","locations":[{"start":{"line":143,"column":7},"end":{"line":143,"column":20}},{"start":{"line":143,"column":24},"end":{"line":143,"column":43}}]}},"s":{"0":4,"1":4,"2":0,"3":0,"4":0,"5":0,"6":0,"7":0,"8":0,"9":0,"10":0,"11":0,"12":0,"13":0,"14":0,"15":0,"16":0,"17":0,"18":0,"19":0,"20":0,"21":0,"22":0,"23":0,"24":0,"25":0,"26":0,"27":0,"28":0,"29":0,"30":0,"31":0,"32":0,"33":0,"34":0,"35":0,"36":0,"37":0,"38":0,"39":0,"40":0,"41":0,"42":0,"43":0,"44":0,"45":0,"46":0,"47":0,"48":0,"49":0,"50":0,"51":0,"52":0,"53":0,"54":0,"55":0,"56":0,"57":0,"58":0,"59":0,"60":0,"61":4},"f":{"0":4,"1":0,"2":0,"3":0,"4":0,"5":0,"6":0,"7":0},"b":{"0":[0,0],"1":[0,0],"2":[0,0],"3":[0],"4":[0,0],"5":[0],"6":[0,0],"7":[0],"8":[0,0],"9":[0],"10":[0,0],"11":[0],"12":[0,0]}}
,"C:\\Users\\camilo.alvarez_pragm\\Documents\\Camilo\\pragma\\reto_backend\\plaza-microservice\\src\\modules\\infrastructure\\controller\\restaurant.controllers.ts": {"path":"C:\\Users\\camilo.alvarez_pragm\\Documents\\Camilo\\pragma\\reto_backend\\plaza-microservice\\src\\modules\\infrastructure\\controller\\restaurant.controllers.ts","statementMap":{"0":{"start":{"line":1,"column":0},"end":{"line":1,"column":65}},"1":{"start":{"line":8,"column":30},"end":{"line":8,"column":66}},"2":{"start":{"line":11,"column":2},"end":{"line":20,"column":null}},"3":{"start":{"line":12,"column":38},"end":{"line":12,"column":46}},"4":{"start":{"line":13,"column":38},"end":{"line":13,"column":79}},"5":{"start":{"line":14,"column":3},"end":{"line":17,"column":6}},"6":{"start":{"line":19,"column":3},"end":{"line":19,"column":15}},"7":{"start":{"line":24,"column":2},"end":{"line":36,"column":null}},"8":{"start":{"line":25,"column":27},"end":{"line":25,"column":36}},"9":{"start":{"line":26,"column":23},"end":{"line":28,"column":null}},"10":{"start":{"line":30,"column":3},"end":{"line":33,"column":6}},"11":{"start":{"line":35,"column":3},"end":{"line":35,"column":15}},"12":{"start":{"line":7,"column":0},"end":{"line":7,"column":13}}},"fnMap":{"0":{"name":"(anonymous_7)","decl":{"start":{"line":8,"column":1},"end":{"line":8,"column":30}},"loc":{"start":{"line":8,"column":66},"end":{"line":8,"column":70}}},"1":{"name":"(anonymous_8)","decl":{"start":{"line":10,"column":7},"end":{"line":10,"column":13}},"loc":{"start":{"line":10,"column":61},"end":{"line":21,"column":null}}},"2":{"name":"(anonymous_10)","decl":{"start":{"line":23,"column":7},"end":{"line":23,"column":25}},"loc":{"start":{"line":23,"column":73},"end":{"line":37,"column":null}}}},"branchMap":{},"s":{"0":4,"1":4,"2":0,"3":0,"4":0,"5":0,"6":0,"7":2,"8":2,"9":2,"10":2,"11":0,"12":4},"f":{"0":4,"1":0,"2":2},"b":{}}
,"C:\\Users\\camilo.alvarez_pragm\\Documents\\Camilo\\pragma\\reto_backend\\plaza-microservice\\src\\modules\\infrastructure\\microservices\\traceabilityMicroservice.ts": {"path":"C:\\Users\\camilo.alvarez_pragm\\Documents\\Camilo\\pragma\\reto_backend\\plaza-microservice\\src\\modules\\infrastructure\\microservices\\traceabilityMicroservice.ts","statementMap":{"0":{"start":{"line":1,"column":0},"end":{"line":1,"column":26}},"1":{"start":{"line":4,"column":0},"end":{"line":4,"column":30}},"2":{"start":{"line":7,"column":18},"end":{"line":7,"column":92}},"3":{"start":{"line":11,"column":19},"end":{"line":19,"column":null}},"4":{"start":{"line":21,"column":2},"end":{"line":23,"column":null}},"5":{"start":{"line":22,"column":3},"end":{"line":22,"column":57}},"6":{"start":{"line":31,"column":19},"end":{"line":39,"column":null}},"7":{"start":{"line":41,"column":2},"end":{"line":43,"column":null}},"8":{"start":{"line":42,"column":3},"end":{"line":42,"column":53}},"9":{"start":{"line":51,"column":19},"end":{"line":59,"column":null}},"10":{"start":{"line":61,"column":2},"end":{"line":63,"column":null}},"11":{"start":{"line":62,"column":3},"end":{"line":62,"column":53}},"12":{"start":{"line":67,"column":19},"end":{"line":75,"column":null}},"13":{"start":{"line":77,"column":2},"end":{"line":79,"column":null}},"14":{"start":{"line":78,"column":3},"end":{"line":78,"column":53}},"15":{"start":{"line":6,"column":0},"end":{"line":6,"column":13}}},"fnMap":{"0":{"name":"(anonymous_8)","decl":{"start":{"line":8,"column":1},"end":{"line":8,"column":16}},"loc":{"start":{"line":8,"column":1},"end":{"line":8,"column":17}}},"1":{"name":"(anonymous_9)","decl":{"start":{"line":10,"column":7},"end":{"line":10,"column":25}},"loc":{"start":{"line":10,"column":74},"end":{"line":24,"column":null}}},"2":{"name":"(anonymous_11)","decl":{"start":{"line":26,"column":7},"end":{"line":26,"column":18}},"loc":{"start":{"line":29,"column":15},"end":{"line":44,"column":null}}},"3":{"name":"(anonymous_13)","decl":{"start":{"line":46,"column":7},"end":{"line":46,"column":18}},"loc":{"start":{"line":49,"column":15},"end":{"line":64,"column":null}}},"4":{"name":"(anonymous_15)","decl":{"start":{"line":66,"column":7},"end":{"line":66,"column":24}},"loc":{"start":{"line":66,"column":90},"end":{"line":80,"column":null}}}},"branchMap":{"0":{"loc":{"start":{"line":21,"column":2},"end":{"line":23,"column":null}},"type":"if","locations":[{"start":{"line":21,"column":2},"end":{"line":23,"column":null}}]},"1":{"loc":{"start":{"line":41,"column":2},"end":{"line":43,"column":null}},"type":"if","locations":[{"start":{"line":41,"column":2},"end":{"line":43,"column":null}}]},"2":{"loc":{"start":{"line":61,"column":2},"end":{"line":63,"column":null}},"type":"if","locations":[{"start":{"line":61,"column":2},"end":{"line":63,"column":null}}]},"3":{"loc":{"start":{"line":77,"column":2},"end":{"line":79,"column":null}},"type":"if","locations":[{"start":{"line":77,"column":2},"end":{"line":79,"column":null}}]}},"s":{"0":6,"1":6,"2":34,"3":2,"4":2,"5":1,"6":2,"7":2,"8":1,"9":2,"10":2,"11":1,"12":0,"13":0,"14":0,"15":6},"f":{"0":34,"1":2,"2":2,"3":2,"4":0},"b":{"0":[1],"1":[1],"2":[1],"3":[0]}}
,"C:\\Users\\camilo.alvarez_pragm\\Documents\\Camilo\\pragma\\reto_backend\\plaza-microservice\\src\\modules\\infrastructure\\microservices\\twillio.microservice.ts": {"path":"C:\\Users\\camilo.alvarez_pragm\\Documents\\Camilo\\pragma\\reto_backend\\plaza-microservice\\src\\modules\\infrastructure\\microservices\\twillio.microservice.ts","statementMap":{"0":{"start":{"line":2,"column":0},"end":{"line":2,"column":32}},"1":{"start":{"line":8,"column":2},"end":{"line":11,"column":4}},"2":{"start":{"line":15,"column":2},"end":{"line":19,"column":5}},"3":{"start":{"line":4,"column":0},"end":{"line":4,"column":13}}},"fnMap":{"0":{"name":"(anonymous_7)","decl":{"start":{"line":7,"column":1},"end":{"line":7,"column":null}},"loc":{"start":{"line":7,"column":1},"end":{"line":12,"column":2}}},"1":{"name":"(anonymous_8)","decl":{"start":{"line":14,"column":7},"end":{"line":14,"column":14}},"loc":{"start":{"line":14,"column":27},"end":{"line":20,"column":null}}}},"branchMap":{},"s":{"0":6,"1":30,"2":2,"3":6},"f":{"0":30,"1":2},"b":{}}
,"C:\\Users\\camilo.alvarez_pragm\\Documents\\Camilo\\pragma\\reto_backend\\plaza-microservice\\src\\modules\\infrastructure\\microservices\\userMicroservice.ts": {"path":"C:\\Users\\camilo.alvarez_pragm\\Documents\\Camilo\\pragma\\reto_backend\\plaza-microservice\\src\\modules\\infrastructure\\microservices\\userMicroservice.ts","statementMap":{"0":{"start":{"line":1,"column":0},"end":{"line":1,"column":45}},"1":{"start":{"line":3,"column":0},"end":{"line":3,"column":30}},"2":{"start":{"line":6,"column":18},"end":{"line":6,"column":77}},"3":{"start":{"line":10,"column":2},"end":{"line":12,"column":null}},"4":{"start":{"line":11,"column":3},"end":{"line":11,"column":64}},"5":{"start":{"line":16,"column":19},"end":{"line":16,"column":85}},"6":{"start":{"line":17,"column":2},"end":{"line":17,"column":35}},"7":{"start":{"line":19,"column":2},"end":{"line":19,"column":40}},"8":{"start":{"line":23,"column":19},"end":{"line":23,"column":84}},"9":{"start":{"line":24,"column":2},"end":{"line":24,"column":35}},"10":{"start":{"line":26,"column":2},"end":{"line":26,"column":40}},"11":{"start":{"line":5,"column":0},"end":{"line":5,"column":13}}},"fnMap":{"0":{"name":"(anonymous_8)","decl":{"start":{"line":7,"column":1},"end":{"line":7,"column":16}},"loc":{"start":{"line":7,"column":1},"end":{"line":7,"column":17}}},"1":{"name":"(anonymous_9)","decl":{"start":{"line":9,"column":9},"end":{"line":9,"column":26}},"loc":{"start":{"line":9,"column":50},"end":{"line":13,"column":2}}},"2":{"name":"(anonymous_10)","decl":{"start":{"line":15,"column":7},"end":{"line":15,"column":19}},"loc":{"start":{"line":15,"column":30},"end":{"line":20,"column":null}}},"3":{"name":"(anonymous_12)","decl":{"start":{"line":22,"column":7},"end":{"line":22,"column":20}},"loc":{"start":{"line":22,"column":31},"end":{"line":27,"column":null}}}},"branchMap":{"0":{"loc":{"start":{"line":10,"column":2},"end":{"line":12,"column":null}},"type":"if","locations":[{"start":{"line":10,"column":2},"end":{"line":12,"column":null}}]}},"s":{"0":6,"1":6,"2":31,"3":3,"4":1,"5":1,"6":1,"7":1,"8":9,"9":2,"10":1,"11":6},"f":{"0":31,"1":3,"2":1,"3":9},"b":{"0":[1]}}
,"C:\\Users\\camilo.alvarez_pragm\\Documents\\Camilo\\pragma\\reto_backend\\plaza-microservice\\src\\modules\\infrastructure\\middlewares\\auth.ts": {"path":"C:\\Users\\camilo.alvarez_pragm\\Documents\\Camilo\\pragma\\reto_backend\\plaza-microservice\\src\\modules\\infrastructure\\middlewares\\auth.ts","statementMap":{"0":{"start":{"line":1,"column":0},"end":{"line":1,"column":69}},"1":{"start":{"line":4,"column":34},"end":{"line":21,"column":1}},"2":{"start":{"line":5,"column":31},"end":{"line":8,"column":3}},"3":{"start":{"line":10,"column":1},"end":{"line":20,"column":4}},"4":{"start":{"line":10,"column":64},"end":{"line":20,"column":3}},"5":{"start":{"line":11,"column":2},"end":{"line":19,"column":null}},"6":{"start":{"line":12,"column":3},"end":{"line":14,"column":null}},"7":{"start":{"line":13,"column":4},"end":{"line":13,"column":31}},"8":{"start":{"line":16,"column":3},"end":{"line":16,"column":28}},"9":{"start":{"line":18,"column":3},"end":{"line":18,"column":22}},"10":{"start":{"line":4,"column":13},"end":{"line":4,"column":34}}},"fnMap":{"0":{"name":"(anonymous_7)","decl":{"start":{"line":4,"column":34},"end":{"line":4,"column":37}},"loc":{"start":{"line":4,"column":39},"end":{"line":21,"column":1}}},"1":{"name":"(anonymous_8)","decl":{"start":{"line":10,"column":27},"end":{"line":10,"column":34}},"loc":{"start":{"line":10,"column":64},"end":{"line":20,"column":3}}},"2":{"name":"(anonymous_9)","decl":{"start":{"line":10,"column":64},"end":{"line":10,"column":null}},"loc":{"start":{"line":10,"column":64},"end":{"line":20,"column":2}}}},"branchMap":{"0":{"loc":{"start":{"line":12,"column":3},"end":{"line":14,"column":null}},"type":"if","locations":[{"start":{"line":12,"column":3},"end":{"line":14,"column":null}}]},"1":{"loc":{"start":{"line":12,"column":7},"end":{"line":12,"column":33}},"type":"binary-expr","locations":[{"start":{"line":12,"column":7},"end":{"line":12,"column":17}},{"start":{"line":12,"column":21},"end":{"line":12,"column":33}}]}},"s":{"0":3,"1":3,"2":3,"3":3,"4":6,"5":6,"6":6,"7":6,"8":0,"9":0,"10":3},"f":{"0":3,"1":6,"2":6},"b":{"0":[6],"1":[6,6]}}
,"C:\\Users\\camilo.alvarez_pragm\\Documents\\Camilo\\pragma\\reto_backend\\plaza-microservice\\src\\modules\\infrastructure\\middlewares\\error.handler.ts": {"path":"C:\\Users\\camilo.alvarez_pragm\\Documents\\Camilo\\pragma\\reto_backend\\plaza-microservice\\src\\modules\\infrastructure\\middlewares\\error.handler.ts","statementMap":{"0":{"start":{"line":1,"column":0},"end":{"line":1,"column":40}},"1":{"start":{"line":3,"column":0},"end":{"line":3,"column":44}},"2":{"start":{"line":5,"column":32},"end":{"line":17,"column":1}},"3":{"start":{"line":11,"column":1},"end":{"line":15,"column":null}},"4":{"start":{"line":12,"column":34},"end":{"line":12,"column":46}},"5":{"start":{"line":14,"column":2},"end":{"line":14,"column":46}},"6":{"start":{"line":16,"column":1},"end":{"line":16,"column":13}},"7":{"start":{"line":5,"column":13},"end":{"line":5,"column":32}},"8":{"start":{"line":19,"column":31},"end":{"line":28,"column":1}},"9":{"start":{"line":20,"column":1},"end":{"line":26,"column":null}},"10":{"start":{"line":21,"column":2},"end":{"line":25,"column":5}},"11":{"start":{"line":27,"column":1},"end":{"line":27,"column":13}},"12":{"start":{"line":19,"column":13},"end":{"line":19,"column":31}},"13":{"start":{"line":30,"column":25},"end":{"line":33,"column":1}},"14":{"start":{"line":31,"column":1},"end":{"line":31,"column":22}},"15":{"start":{"line":32,"column":1},"end":{"line":32,"column":13}},"16":{"start":{"line":30,"column":13},"end":{"line":30,"column":25}},"17":{"start":{"line":35,"column":28},"end":{"line":40,"column":1}},"18":{"start":{"line":36,"column":1},"end":{"line":39,"column":4}},"19":{"start":{"line":35,"column":13},"end":{"line":35,"column":28}}},"fnMap":{"0":{"name":"(anonymous_1)","decl":{"start":{"line":5,"column":32},"end":{"line":5,"column":null}},"loc":{"start":{"line":10,"column":4},"end":{"line":17,"column":1}}},"1":{"name":"(anonymous_2)","decl":{"start":{"line":19,"column":31},"end":{"line":19,"column":32}},"loc":{"start":{"line":19,"column":97},"end":{"line":28,"column":1}}},"2":{"name":"(anonymous_3)","decl":{"start":{"line":30,"column":25},"end":{"line":30,"column":26}},"loc":{"start":{"line":30,"column":91},"end":{"line":33,"column":1}}},"3":{"name":"(anonymous_4)","decl":{"start":{"line":35,"column":28},"end":{"line":35,"column":29}},"loc":{"start":{"line":35,"column":94},"end":{"line":40,"column":1}}}},"branchMap":{"0":{"loc":{"start":{"line":11,"column":1},"end":{"line":15,"column":null}},"type":"if","locations":[{"start":{"line":11,"column":1},"end":{"line":15,"column":null}}]},"1":{"loc":{"start":{"line":20,"column":1},"end":{"line":26,"column":null}},"type":"if","locations":[{"start":{"line":20,"column":1},"end":{"line":26,"column":null}}]}},"s":{"0":3,"1":3,"2":3,"3":15,"4":12,"5":12,"6":3,"7":3,"8":3,"9":15,"10":0,"11":15,"12":3,"13":3,"14":15,"15":15,"16":3,"17":3,"18":3,"19":3},"f":{"0":15,"1":15,"2":15,"3":3},"b":{"0":[12],"1":[0]}}
,"C:\\Users\\camilo.alvarez_pragm\\Documents\\Camilo\\pragma\\reto_backend\\plaza-microservice\\src\\modules\\infrastructure\\middlewares\\validator.handler.ts": {"path":"C:\\Users\\camilo.alvarez_pragm\\Documents\\Camilo\\pragma\\reto_backend\\plaza-microservice\\src\\modules\\infrastructure\\middlewares\\validator.handler.ts","statementMap":{"0":{"start":{"line":1,"column":0},"end":{"line":1,"column":30}},"1":{"start":{"line":6,"column":0},"end":{"line":6,"column":51}},"2":{"start":{"line":8,"column":36},"end":{"line":23,"column":1}},"3":{"start":{"line":9,"column":1},"end":{"line":22,"column":3}},"4":{"start":{"line":9,"column":66},"end":{"line":22,"column":3}},"5":{"start":{"line":10,"column":18},"end":{"line":10,"column":41}},"6":{"start":{"line":11,"column":2},"end":{"line":21,"column":null}},"7":{"start":{"line":12,"column":18},"end":{"line":12,"column":63}},"8":{"start":{"line":13,"column":3},"end":{"line":17,"column":null}},"9":{"start":{"line":14,"column":4},"end":{"line":14,"column":76}},"10":{"start":{"line":16,"column":4},"end":{"line":16,"column":11}},"11":{"start":{"line":18,"column":3},"end":{"line":18,"column":10}},"12":{"start":{"line":20,"column":3},"end":{"line":20,"column":15}},"13":{"start":{"line":8,"column":13},"end":{"line":8,"column":36}},"14":{"start":{"line":25,"column":34},"end":{"line":37,"column":1}},"15":{"start":{"line":26,"column":1},"end":{"line":36,"column":3}},"16":{"start":{"line":27,"column":2},"end":{"line":27,"column":9}},"17":{"start":{"line":28,"column":2},"end":{"line":28,"column":9}},"18":{"start":{"line":30,"column":2},"end":{"line":34,"column":null}},"19":{"start":{"line":31,"column":3},"end":{"line":31,"column":10}},"20":{"start":{"line":33,"column":3},"end":{"line":33,"column":10}},"21":{"start":{"line":35,"column":2},"end":{"line":35,"column":74}},"22":{"start":{"line":25,"column":13},"end":{"line":25,"column":34}},"23":{"start":{"line":39,"column":38},"end":{"line":50,"column":1}},"24":{"start":{"line":40,"column":1},"end":{"line":49,"column":3}},"25":{"start":{"line":41,"column":15},"end":{"line":41,"column":48}},"26":{"start":{"line":42,"column":20},"end":{"line":42,"column":64}},"27":{"start":{"line":43,"column":2},"end":{"line":47,"column":null}},"28":{"start":{"line":44,"column":3},"end":{"line":44,"column":32}},"29":{"start":{"line":46,"column":3},"end":{"line":46,"column":10}},"30":{"start":{"line":48,"column":2},"end":{"line":48,"column":9}},"31":{"start":{"line":39,"column":13},"end":{"line":39,"column":38}},"32":{"start":{"line":52,"column":48},"end":{"line":71,"column":1}},"33":{"start":{"line":57,"column":25},"end":{"line":57,"column":34}},"34":{"start":{"line":58,"column":21},"end":{"line":58,"column":34}},"35":{"start":{"line":59,"column":22},"end":{"line":59,"column":34}},"36":{"start":{"line":60,"column":1},"end":{"line":64,"column":null}},"37":{"start":{"line":61,"column":2},"end":{"line":61,"column":74}},"38":{"start":{"line":63,"column":2},"end":{"line":63,"column":9}},"39":{"start":{"line":65,"column":1},"end":{"line":69,"column":null}},"40":{"start":{"line":66,"column":2},"end":{"line":66,"column":76}},"41":{"start":{"line":68,"column":2},"end":{"line":68,"column":9}},"42":{"start":{"line":70,"column":1},"end":{"line":70,"column":8}},"43":{"start":{"line":52,"column":13},"end":{"line":52,"column":48}}},"fnMap":{"0":{"name":"(anonymous_8)","decl":{"start":{"line":8,"column":36},"end":{"line":8,"column":37}},"loc":{"start":{"line":8,"column":55},"end":{"line":23,"column":1}}},"1":{"name":"(anonymous_9)","decl":{"start":{"line":9,"column":8},"end":{"line":9,"column":15}},"loc":{"start":{"line":9,"column":66},"end":{"line":22,"column":3}}},"2":{"name":"(anonymous_10)","decl":{"start":{"line":9,"column":66},"end":{"line":9,"column":null}},"loc":{"start":{"line":9,"column":66},"end":{"line":22,"column":2}}},"3":{"name":"(anonymous_11)","decl":{"start":{"line":25,"column":34},"end":{"line":25,"column":35}},"loc":{"start":{"line":25,"column":53},"end":{"line":37,"column":1}}},"4":{"name":"(anonymous_12)","decl":{"start":{"line":26,"column":8},"end":{"line":26,"column":9}},"loc":{"start":{"line":26,"column":60},"end":{"line":36,"column":2}}},"5":{"name":"(anonymous_13)","decl":{"start":{"line":39,"column":38},"end":{"line":39,"column":39}},"loc":{"start":{"line":39,"column":75},"end":{"line":50,"column":1}}},"6":{"name":"(anonymous_14)","decl":{"start":{"line":40,"column":8},"end":{"line":40,"column":9}},"loc":{"start":{"line":40,"column":60},"end":{"line":49,"column":2}}},"7":{"name":"(anonymous_15)","decl":{"start":{"line":52,"column":48},"end":{"line":52,"column":null}},"loc":{"start":{"line":56,"column":4},"end":{"line":71,"column":1}}}},"branchMap":{"0":{"loc":{"start":{"line":13,"column":3},"end":{"line":17,"column":null}},"type":"if","locations":[{"start":{"line":13,"column":3},"end":{"line":17,"column":null}}]},"1":{"loc":{"start":{"line":30,"column":2},"end":{"line":34,"column":null}},"type":"if","locations":[{"start":{"line":30,"column":2},"end":{"line":34,"column":null}}]},"2":{"loc":{"start":{"line":30,"column":6},"end":{"line":30,"column":57}},"type":"binary-expr","locations":[{"start":{"line":30,"column":6},"end":{"line":30,"column":14}},{"start":{"line":30,"column":19},"end":{"line":30,"column":57}}]},"3":{"loc":{"start":{"line":43,"column":2},"end":{"line":47,"column":null}},"type":"if","locations":[{"start":{"line":43,"column":2},"end":{"line":47,"column":null}}]},"4":{"loc":{"start":{"line":60,"column":1},"end":{"line":64,"column":null}},"type":"if","locations":[{"start":{"line":60,"column":1},"end":{"line":64,"column":null}}]},"5":{"loc":{"start":{"line":60,"column":5},"end":{"line":60,"column":46}},"type":"binary-expr","locations":[{"start":{"line":60,"column":5},"end":{"line":60,"column":23}},{"start":{"line":60,"column":27},"end":{"line":60,"column":46}}]},"6":{"loc":{"start":{"line":65,"column":1},"end":{"line":69,"column":null}},"type":"if","locations":[{"start":{"line":65,"column":1},"end":{"line":69,"column":null}}]},"7":{"loc":{"start":{"line":65,"column":5},"end":{"line":65,"column":40}},"type":"binary-expr","locations":[{"start":{"line":65,"column":5},"end":{"line":65,"column":20}},{"start":{"line":65,"column":24},"end":{"line":65,"column":40}}]}},"s":{"0":4,"1":4,"2":4,"3":7,"4":7,"5":7,"6":7,"7":7,"8":0,"9":0,"10":0,"11":0,"12":7,"13":4,"14":4,"15":42,"16":18,"17":18,"18":0,"19":0,"20":0,"21":0,"22":4,"23":4,"24":26,"25":12,"26":12,"27":12,"28":4,"29":4,"30":8,"31":4,"32":4,"33":10,"34":10,"35":10,"36":10,"37":5,"38":5,"39":5,"40":0,"41":0,"42":5,"43":4},"f":{"0":7,"1":7,"2":7,"3":42,"4":18,"5":26,"6":12,"7":10},"b":{"0":[0],"1":[0],"2":[0,0],"3":[4],"4":[5],"5":[10,8],"6":[0],"7":[5,5]}}
[...]
,"C:\\Users\\camilo.alvarez_pragm\\Documents\\Camilo\\pragma\\reto_backend\\plaza-microservice\\src\\modules\\infrastructure\\orm\\models\\RestaurantPostgresql.model.ts": {"path":"C:\\Users\\camilo.alvarez_pragm\\Documents\\Camilo\\pragma\\reto_backend\\plaza-microservice\\src\\modules\\infrastructure\\orm\\models\\RestaurantPostgresql.model.ts","statementMap":{"0":{"start":{"line":1,"column":0},"end":{"line":1,"column":56}},"1":{"start":{"line":4,"column":13},"end":{"line":4,"column":58}},"2":{"start":{"line":5,"column":13},"end":{"line":36,"column":2}},"3":{"start":{"line":51,"column":2},"end":{"line":56,"column":4}},"4":{"start":{"line":38,"column":0},"end":{"line":38,"column":13}}},"fnMap":{"0":{"name":"(anonymous_0)","decl":{"start":{"line":50,"column":1},"end":{"line":50,"column":7}},"loc":{"start":{"line":50,"column":35},"end":{"line":57,"column":2}}}},"branchMap":{},"s":{"0":14,"1":14,"2":14,"3":9,"4":14},"f":{"0":9},"b":{}}
,"C:\\Users\\camilo.alvarez_pragm\\Documents\\Camilo\\pragma\\reto_backend\\plaza-microservice\\src\\modules\\infrastructure\\orm\\models\\index.ts": {"path":"C:\\Users\\camilo.alvarez_pragm\\Documents\\Camilo\\pragma\\reto_backend\\plaza-microservice\\src\\modules\\infrastructure\\orm\\models\\index.ts","statementMap":{"0":{"start":{"line":1,"column":0},"end":{"line":1,"column":90}},"1":{"start":{"line":2,"column":0},"end":{"line":2,"column":78}},"2":{"start":{"line":3,"column":0},"end":{"line":3,"column":90}},"3":{"start":{"line":4,"column":0},"end":{"line":4,"column":81}},"4":{"start":{"line":5,"column":0},"end":{"line":5,"column":88}},"5":{"start":{"line":6,"column":0},"end":{"line":6,"column":96}},"6":{"start":{"line":9,"column":27},"end":{"line":19,"column":1}},"7":{"start":{"line":10,"column":1},"end":{"line":10,"column":95}},"8":{"start":{"line":11,"column":1},"end":{"line":11,"column":77}},"9":{"start":{"line":12,"column":1},"end":{"line":12,"column":89}},"10":{"start":{"line":13,"column":1},"end":{"line":13,"column":89}},"11":{"start":{"line":14,"column":1},"end":{"line":14,"column":80}},"12":{"start":{"line":15,"column":1},"end":{"line":15,"column":92}},"13":{"start":{"line":16,"column":1},"end":{"line":16,"column":44}},"14":{"start":{"line":17,"column":1},"end":{"line":17,"column":48}},"15":{"start":{"line":18,"column":1},"end":{"line":18,"column":49}},"16":{"start":{"line":9,"column":13},"end":{"line":9,"column":27}}},"fnMap":{"0":{"name":"(anonymous_0)","decl":{"start":{"line":9,"column":27},"end":{"line":9,"column":28}},"loc":{"start":{"line":9,"column":52},"end":{"line":19,"column":1}}}},"branchMap":{},"s":{"0":12,"1":12,"2":12,"3":12,"4":12,"5":12,"6":12,"7":9,"8":9,"9":9,"10":9,"11":9,"12":9,"13":9,"14":9,"15":9,"16":12},"f":{"0":9},"b":{}}
,"C:\\Users\\camilo.alvarez_pragm\\Documents\\Camilo\\pragma\\reto_backend\\plaza-microservice\\src\\modules\\infrastructure\\orm\\repository\\categoryPostgresql.repository.ts": {"path":"C:\\Users\\camilo.alvarez_pragm\\Documents\\Camilo\\pragma\\reto_backend\\plaza-microservice\\src\\modules\\infrastructure\\orm\\repository\\categoryPostgresql.repository.ts","statementMap":{"0":{"start":{"line":2,"column":0},"end":{"line":2,"column":81}},"1":{"start":{"line":5,"column":0},"end":{"line":5,"column":79}},"2":{"start":{"line":11,"column":2},"end":{"line":11,"column":63}},"3":{"start":{"line":15,"column":19},"end":{"line":15,"column":86}},"4":{"start":{"line":16,"column":2},"end":{"line":18,"column":null}},"5":{"start":{"line":17,"column":3},"end":{"line":17,"column":15}},"6":{"start":{"line":20,"column":2},"end":{"line":20,"column":40}},"7":{"start":{"line":7,"column":0},"end":{"line":7,"column":13}}},"fnMap":{"0":{"name":"(anonymous_7)","decl":{"start":{"line":10,"column":1},"end":{"line":10,"column":null}},"loc":{"start":{"line":10,"column":1},"end":{"line":12,"column":2}}},"1":{"name":"(anonymous_8)","decl":{"start":{"line":14,"column":7},"end":{"line":14,"column":15}},"loc":{"start":{"line":14,"column":26},"end":{"line":21,"column":null}}}},"branchMap":{"0":{"loc":{"start":{"line":16,"column":2},"end":{"line":18,"column":null}},"type":"if","locations":[{"start":{"line":16,"column":2},"end":{"line":18,"column":null}}]}},"s":{"0":5,"1":5,"2":6,"3":5,"4":5,"5":2,"6":3,"7":5},"f":{"0":6,"1":5},"b":{"0":[2]}}
,"C:\\Users\\camilo.alvarez_pragm\\Documents\\Camilo\\pragma\\reto_backend\\plaza-microservice\\src\\modules\\infrastructure\\orm\\repository\\dishPostgresql.repository.ts": {"path":"C:\\Users\\camilo.alvarez_pragm\\Documents\\Camilo\\pragma\\reto_backend\\plaza-microservice\\src\\modules\\infrastructure\\orm\\repository\\dishPostgresql.repository.ts","statementMap":{"0":{"start":{"line":2,"column":0},"end":{"line":2,"column":56}},"1":{"start":{"line":3,"column":0},"end":{"line":3,"column":81}},"2":{"start":{"line":5,"column":0},"end":{"line":5,"column":71}},"3":{"start":{"line":12,"column":2},"end":{"line":12,"column":63}},"4":{"start":{"line":16,"column":18},"end":{"line":16,"column":92}},"5":{"start":{"line":18,"column":2},"end":{"line":18,"column":26}},"6":{"start":{"line":22,"column":22},"end":{"line":27,"column":18}},"7":{"start":{"line":29,"column":2},"end":{"line":29,"column":30}},"8":{"start":{"line":33,"column":15},"end":{"line":33,"column":78}},"9":{"start":{"line":34,"column":2},"end":{"line":36,"column":null}},"10":{"start":{"line":35,"column":3},"end":{"line":35,"column":15}},"11":{"start":{"line":38,"column":2},"end":{"line":38,"column":32}},"12":{"start":{"line":47,"column":40},"end":{"line":47,"column":72}},"13":{"start":{"line":48,"column":2},"end":{"line":55,"column":null}},"14":{"start":{"line":49,"column":3},"end":{"line":54,"column":5}},"15":{"start":{"line":56,"column":17},"end":{"line":60,"column":4}},"16":{"start":{"line":62,"column":2},"end":{"line":62,"column":54}},"17":{"start":{"line":62,"column":30},"end":{"line":62,"column":52}},"18":{"start":{"line":8,"column":0},"end":{"line":8,"column":13}}},"fnMap":{"0":{"name":"(anonymous_7)","decl":{"start":{"line":11,"column":1},"end":{"line":11,"column":null}},"loc":{"start":{"line":11,"column":1},"end":{"line":13,"column":2}}},"1":{"name":"(anonymous_8)","decl":{"start":{"line":15,"column":7},"end":{"line":15,"column":13}},"loc":{"start":{"line":15,"column":37},"end":{"line":19,"column":null}}},"2":{"name":"(anonymous_10)","decl":{"start":{"line":21,"column":7},"end":{"line":21,"column":13}},"loc":{"start":{"line":21,"column":68},"end":{"line":30,"column":null}}},"3":{"name":"(anonymous_12)","decl":{"start":{"line":32,"column":7},"end":{"line":32,"column":15}},"loc":{"start":{"line":32,"column":26},"end":{"line":39,"column":null}}},"4":{"name":"(anonymous_14)","decl":{"start":{"line":41,"column":7},"end":{"line":41,"column":31}},"loc":{"start":{"line":45,"column":27},"end":{"line":63,"column":null}}},"5":{"name":"(anonymous_16)","decl":{"start":{"line":62,"column":20},"end":{"line":62,"column":21}},"loc":{"start":{"line":62,"column":30},"end":{"line":62,"column":52}}}},"branchMap":{"0":{"loc":{"start":{"line":34,"column":2},"end":{"line":36,"column":null}},"type":"if","locations":[{"start":{"line":34,"column":2},"end":{"line":36,"column":null}}]},"1":{"loc":{"start":{"line":45,"column":2},"end":{"line":45,"column":27}},"type":"default-arg","locations":[{"start":{"line":45,"column":25},"end":{"line":45,"column":27}}]},"2":{"loc":{"start":{"line":48,"column":2},"end":{"line":55,"column":null}},"type":"if","locations":[{"start":{"line":48,"column":2},"end":{"line":55,"column":null}}]}},"s":{"0":5,"1":5,"2":5,"3":7,"4":1,"5":1,"6":2,"7":2,"8":1,"9":1,"10":1,"11":0,"12":1,"13":1,"14":1,"15":1,"16":1,"17":4,"18":5},"f":{"0":7,"1":1,"2":2,"3":1,"4":1,"5":4},"b":{"0":[1],"1":[0],"2":[1]}}
,"C:\\Users\\camilo.alvarez_pragm\\Documents\\Camilo\\pragma\\reto_backend\\plaza-microservice\\src\\modules\\infrastructure\\orm\\repository\\employeePostgresql.repository.ts": {"path":"C:\\Users\\camilo.alvarez_pragm\\Documents\\Camilo\\pragma\\reto_backend\\plaza-microservice\\src\\modules\\infrastructure\\orm\\repository\\employeePostgresql.repository.ts","statementMap":{"0":{"start":{"line":3,"column":0},"end":{"line":3,"column":81}},"1":{"start":{"line":5,"column":0},"end":{"line":5,"column":79}},"2":{"start":{"line":12,"column":2},"end":{"line":12,"column":63}},"3":{"start":{"line":16,"column":22},"end":{"line":18,"column":12}},"4":{"start":{"line":20,"column":2},"end":{"line":20,"column":34}},"5":{"start":{"line":24,"column":19},"end":{"line":24,"column":86}},"6":{"start":{"line":26,"column":2},"end":{"line":26,"column":60}},"7":{"start":{"line":30,"column":20},"end":{"line":34,"column":4}},"8":{"start":{"line":36,"column":2},"end":{"line":36,"column":69}},"9":{"start":{"line":36,"column":37},"end":{"line":36,"column":67}},"10":{"start":{"line":8,"column":0},"end":{"line":8,"column":13}}},"fnMap":{"0":{"name":"(anonymous_7)","decl":{"start":{"line":11,"column":1},"end":{"line":11,"column":null}},"loc":{"start":{"line":11,"column":1},"end":{"line":13,"column":2}}},"1":{"name":"(anonymous_8)","decl":{"start":{"line":15,"column":7},"end":{"line":15,"column":13}},"loc":{"start":{"line":15,"column":42},"end":{"line":21,"column":null}}},"2":{"name":"(anonymous_10)","decl":{"start":{"line":23,"column":7},"end":{"line":23,"column":30}},"loc":{"start":{"line":23,"column":41},"end":{"line":27,"column":null}}},"3":{"name":"(anonymous_12)","decl":{"start":{"line":29,"column":7},"end":{"line":29,"column":33}},"loc":{"start":{"line":29,"column":54},"end":{"line":37,"column":null}}},"4":{"name":"(anonymous_14)","decl":{"start":{"line":36,"column":23},"end":{"line":36,"column":24}},"loc":{"start":{"line":36,"column":37},"end":{"line":36,"column":67}}}},"branchMap":{"0":{"loc":{"start":{"line":26,"column":9},"end":{"line":26,"column":59}},"type":"cond-expr","locations":[{"start":{"line":26,"column":21},"end":{"line":26,"column":52}},{"start":{"line":26,"column":55},"end":{"line":26,"column":59}}]}},"s":{"0":6,"1":6,"2":31,"3":1,"4":1,"5":1,"6":1,"7":1,"8":1,"9":2,"10":6},"f":{"0":31,"1":1,"2":1,"3":1,"4":2},"b":{"0":[1,0]}}
,"C:\\Users\\camilo.alvarez_pragm\\Documents\\Camilo\\pragma\\reto_backend\\plaza-microservice\\src\\modules\\infrastructure\\orm\\repository\\orderPostgresql.repository.ts": {"path":"C:\\Users\\camilo.alvarez_pragm\\Documents\\Camilo\\pragma\\reto_backend\\plaza-microservice\\src\\modules\\infrastructure\\orm\\repository\\orderPostgresql.repository.ts","statementMap":{"0":{"start":{"line":1,"column":0},"end":{"line":1,"column":56}},"1":{"start":{"line":10,"column":0},"end":{"line":10,"column":73}},"2":{"start":{"line":11,"column":0},"end":{"line":11,"column":81}},"3":{"start":{"line":12,"column":0},"end":{"line":12,"column":81}},"4":{"start":{"line":18,"column":2},"end":{"line":18,"column":63}},"5":{"start":{"line":22,"column":19},"end":{"line":22,"column":95}},"6":{"start":{"line":24,"column":2},"end":{"line":24,"column":28}},"7":{"start":{"line":28,"column":2},"end":{"line":35,"column":18}},"8":{"start":{"line":39,"column":40},"end":{"line":39,"column":64}},"9":{"start":{"line":40,"column":2},"end":{"line":40,"column":59}},"10":{"start":{"line":41,"column":17},"end":{"line":43,"column":4}},"11":{"start":{"line":45,"column":2},"end":{"line":45,"column":59}},"12":{"start":{"line":45,"column":31},"end":{"line":45,"column":45}},"13":{"start":{"line":54,"column":40},"end":{"line":54,"column":72}},"14":{"start":{"line":55,"column":2},"end":{"line":55,"column":59}},"15":{"start":{"line":56,"column":2},"end":{"line":56,"column":28}},"16":{"start":{"line":57,"column":17},"end":{"line":61,"column":4}},"17":{"start":{"line":63,"column":2},"end":{"line":63,"column":59}},"18":{"start":{"line":63,"column":31},"end":{"line":63,"column":45}},"19":{"start":{"line":67,"column":22},"end":{"line":72,"column":18}},"20":{"start":{"line":74,"column":2},"end":{"line":74,"column":31}},"21":{"start":{"line":78,"column":16},"end":{"line":78,"column":85}},"22":{"start":{"line":79,"column":2},"end":{"line":81,"column":null}},"23":{"start":{"line":80,"column":3},"end":{"line":80,"column":35}},"24":{"start":{"line":83,"column":2},"end":{"line":83,"column":14}},"25":{"start":{"line":87,"column":17},"end":{"line":93,"column":4}},"26":{"start":{"line":95,"column":2},"end":{"line":95,"column":71}},"27":{"start":{"line":95,"column":31},"end":{"line":95,"column":45}},"28":{"start":{"line":99,"column":19},"end":{"line":113,"column":4}},"29":{"start":{"line":115,"column":2},"end":{"line":115,"column":74}},"30":{"start":{"line":115,"column":33},"end":{"line":115,"column":72}},"31":{"start":{"line":14,"column":0},"end":{"line":14,"column":13}}},"fnMap":{"0":{"name":"(anonymous_7)","decl":{"start":{"line":17,"column":1},"end":{"line":17,"column":null}},"loc":{"start":{"line":17,"column":1},"end":{"line":19,"column":2}}},"1":{"name":"(anonymous_8)","decl":{"start":{"line":21,"column":7},"end":{"line":21,"column":13}},"loc":{"start":{"line":21,"column":33},"end":{"line":25,"column":null}}},"2":{"name":"(anonymous_10)","decl":{"start":{"line":27,"column":9},"end":{"line":27,"column":23}},"loc":{"start":{"line":27,"column":84},"end":{"line":36,"column":2}}},"3":{"name":"(anonymous_11)","decl":{"start":{"line":38,"column":7},"end":{"line":38,"column":42}},"loc":{"start":{"line":38,"column":88},"end":{"line":46,"column":null}}},"4":{"name":"(anonymous_13)","decl":{"start":{"line":45,"column":20},"end":{"line":45,"column":21}},"loc":{"start":{"line":45,"column":31},"end":{"line":45,"column":45}}},"5":{"name":"(anonymous_14)","decl":{"start":{"line":48,"column":7},"end":{"line":48,"column":55}},"loc":{"start":{"line":52,"column":15},"end":{"line":64,"column":null}}},"6":{"name":"(anonymous_16)","decl":{"start":{"line":63,"column":20},"end":{"line":63,"column":21}},"loc":{"start":{"line":63,"column":31},"end":{"line":63,"column":45}}},"7":{"name":"(anonymous_17)","decl":{"start":{"line":66,"column":7},"end":{"line":66,"column":18}},"loc":{"start":{"line":66,"column":55},"end":{"line":75,"column":null}}},"8":{"name":"(anonymous_19)","decl":{"start":{"line":77,"column":7},"end":{"line":77,"column":19}},"loc":{"start":{"line":77,"column":35},"end":{"line":84,"column":null}}},"9":{"name":"(anonymous_21)","decl":{"start":{"line":86,"column":7},"end":{"line":86,"column":27}},"loc":{"start":{"line":86,"column":48},"end":{"line":96,"column":null}}},"10":{"name":"(anonymous_23)","decl":{"start":{"line":95,"column":20},"end":{"line":95,"column":21}},"loc":{"start":{"line":95,"column":31},"end":{"line":95,"column":45}}},"11":{"name":"(anonymous_24)","decl":{"start":{"line":98,"column":7},"end":{"line":98,"column":30}},"loc":{"start":{"line":98,"column":74},"end":{"line":116,"column":null}}},"12":{"name":"(anonymous_26)","decl":{"start":{"line":115,"column":22},"end":{"line":115,"column":23}},"loc":{"start":{"line":115,"column":33},"end":{"line":115,"column":72}}}},"branchMap":{"0":{"loc":{"start":{"line":28,"column":9},"end":{"line":35,"column":17}},"type":"cond-expr","locations":[{"start":{"line":29,"column":4},"end":{"line":33,"column":null}},{"start":{"line":35,"column":5},"end":{"line":35,"column":17}}]},"1":{"loc":{"start":{"line":79,"column":2},"end":{"line":81,"column":null}},"type":"if","locations":[{"start":{"line":79,"column":2},"end":{"line":81,"column":null}}]}},"s":{"0":6,"1":6,"2":6,"3":6,"4":35,"5":1,"6":1,"7":4,"8":2,"9":2,"10":2,"11":2,"12":0,"13":2,"14":2,"15":2,"16":2,"17":2,"18":0,"19":1,"20":1,"21":0,"22":0,"23":0,"24":0,"25":1,"26":1,"27":3,"28":0,"29":0,"30":0,"31":6},"f":{"0":35,"1":1,"2":4,"3":2,"4":0,"5":2,"6":0,"7":1,"8":0,"9":1,"10":3,"11":0,"12":0},"b":{"0":[2,2],"1":[0]}}
,"C:\\Users\\camilo.alvarez_pragm\\Documents\\Camilo\\pragma\\reto_backend\\plaza-microservice\\src\\modules\\infrastructure\\orm\\repository\\order_dishPostgresql.repository.ts": {"path":"C:\\Users\\camilo.alvarez_pragm\\Documents\\Camilo\\pragma\\reto_backend\\plaza-microservice\\src\\modules\\infrastructure\\orm\\repository\\order_dishPostgresql.repository.ts","statementMap":{"0":{"start":{"line":3,"column":0},"end":{"line":3,"column":81}},"1":{"start":{"line":5,"column":0},"end":{"line":5,"column":77}},"2":{"start":{"line":11,"column":2},"end":{"line":11,"column":63}},"3":{"start":{"line":15,"column":2},"end":{"line":15,"column":85}},"4":{"start":{"line":7,"column":0},"end":{"line":7,"column":13}}},"fnMap":{"0":{"name":"(anonymous_7)","decl":{"start":{"line":10,"column":1},"end":{"line":10,"column":null}},"loc":{"start":{"line":10,"column":1},"end":{"line":12,"column":2}}},"1":{"name":"(anonymous_8)","decl":{"start":{"line":14,"column":7},"end":{"line":14,"column":26}},"loc":{"start":{"line":14,"column":64},"end":{"line":16,"column":null}}}},"branchMap":{},"s":{"0":6,"1":6,"2":29,"3":1,"4":6},"f":{"0":29,"1":1},"b":{}}
,"C:\\Users\\camilo.alvarez_pragm\\Documents\\Camilo\\pragma\\reto_backend\\plaza-microservice\\src\\modules\\infrastructure\\orm\\repository\\restaurantPostgresql.repository.ts": {"path":"C:\\Users\\camilo.alvarez_pragm\\Documents\\Camilo\\pragma\\reto_backend\\plaza-microservice\\src\\modules\\infrastructure\\orm\\repository\\restaurantPostgresql.repository.ts","statementMap":{"0":{"start":{"line":4,"column":0},"end":{"line":4,"column":81}},"1":{"start":{"line":5,"column":0},"end":{"line":5,"column":83}},"2":{"start":{"line":11,"column":2},"end":{"line":11,"column":63}},"3":{"start":{"line":15,"column":24},"end":{"line":17,"column":12}},"4":{"start":{"line":19,"column":2},"end":{"line":19,"column":38}},"5":{"start":{"line":23,"column":21},"end":{"line":23,"column":90}},"6":{"start":{"line":24,"column":2},"end":{"line":26,"column":null}},"7":{"start":{"line":25,"column":3},"end":{"line":25,"column":15}},"8":{"start":{"line":28,"column":2},"end":{"line":28,"column":44}},"9":{"start":{"line":32,"column":22},"end":{"line":36,"column":4}},"10":{"start":{"line":38,"column":2},"end":{"line":38,"column":77}},"11":{"start":{"line":38,"column":41},"end":{"line":38,"column":75}},"12":{"start":{"line":7,"column":0},"end":{"line":7,"column":13}}},"fnMap":{"0":{"name":"(anonymous_7)","decl":{"start":{"line":10,"column":1},"end":{"line":10,"column":null}},"loc":{"start":{"line":10,"column":1},"end":{"line":12,"column":2}}},"1":{"name":"(anonymous_8)","decl":{"start":{"line":14,"column":7},"end":{"line":14,"column":13}},"loc":{"start":{"line":14,"column":49},"end":{"line":20,"column":null}}},"2":{"name":"(anonymous_10)","decl":{"start":{"line":22,"column":7},"end":{"line":22,"column":15}},"loc":{"start":{"line":22,"column":26},"end":{"line":29,"column":null}}},"3":{"name":"(anonymous_12)","decl":{"start":{"line":31,"column":7},"end":{"line":31,"column":25}},"loc":{"start":{"line":31,"column":53},"end":{"line":39,"column":null}}},"4":{"name":"(anonymous_14)","decl":{"start":{"line":38,"column":25},"end":{"line":38,"column":26}},"loc":{"start":{"line":38,"column":41},"end":{"line":38,"column":75}}}},"branchMap":{"0":{"loc":{"start":{"line":24,"column":2},"end":{"line":26,"column":null}},"type":"if","locations":[{"start":{"line":24,"column":2},"end":{"line":26,"column":null}}]}},"s":{"0":6,"1":6,"2":31,"3":1,"4":1,"5":5,"6":5,"7":3,"8":2,"9":3,"10":3,"11":24,"12":6},"f":{"0":31,"1":1,"2":5,"3":3,"4":24},"b":{"0":[3]}}
}
