TN:
SF:src\app.ts
FN:21,(anonymous_8)
FN:35,(anonymous_9)
FN:39,(anonymous_10)
FN:45,(anonymous_12)
FNF:4
FNH:2
FNDA:3,(anonymous_8)
FNDA:3,(anonymous_9)
FNDA:0,(anonymous_10)
FNDA:0,(anonymous_12)
DA:1,3
DA:2,3
DA:3,3
DA:4,3
DA:5,3
DA:6,3
DA:8,3
DA:9,3
DA:10,3
DA:17,3
DA:18,3
DA:22,3
DA:23,3
DA:24,3
DA:25,3
DA:26,3
DA:27,3
DA:28,3
DA:29,3
DA:30,3
DA:31,3
DA:32,3
DA:36,3
DA:40,0
DA:45,0
DA:46,0
DA:50,0
DA:53,0
LF:28
LH:23
BRF:0
BRH:0
end_of_record
TN:
SF:src\adapters\doc\swagger.adapter.ts
FN:5,(anonymous_7)
FN:10,(anonymous_8)
FNF:2
FNH:0
FNDA:0,(anonymous_7)
FNDA:0,(anonymous_8)
DA:2,3
DA:3,3
DA:5,3
DA:7,0
DA:10,0
DA:11,0
DA:12,0
DA:15,0
LF:8
LH:3
BRF:0
BRH:0
end_of_record
TN:
SF:src\helpers\enums\http-code.enum.ts
FN:1,(anonymous_0)
FNF:1
FNH:1
FNDA:4,(anonymous_0)
DA:1,4
DA:2,4
DA:3,4
DA:4,4
DA:5,4
DA:6,4
DA:7,4
DA:8,4
DA:9,4
LF:9
LH:9
BRDA:1,0,0,4
BRDA:1,0,1,4
BRF:2
BRH:2
end_of_record
TN:
SF:src\modules\app\dtos\request\dish.dto.ts
FNF:0
FNH:0
DA:1,4
DA:4,4
DA:15,4
DA:16,4
DA:17,4
DA:18,4
DA:19,4
DA:20,4
DA:23,4
DA:37,4
DA:47,4
LF:11
LH:11
BRF:0
BRH:0
end_of_record
TN:
SF:src\modules\app\dtos\request\employee.dto.ts
FNF:0
FNH:0
DA:1,4
DA:6,4
DA:7,4
DA:9,4
DA:16,4
LF:5
LH:5
BRF:0
BRH:0
end_of_record
TN:
SF:src\modules\app\dtos\request\order.dto.ts
FN:38,(anonymous_1)
FN:41,(anonymous_2)
FNF:2
FNH:2
FNDA:2,(anonymous_1)
FNDA:3,(anonymous_2)
DA:1,4
DA:3,4
DA:5,4
DA:19,4
DA:20,4
DA:21,4
DA:22,4
DA:23,4
DA:30,4
DA:37,4
DA:39,2
DA:40,2
DA:41,3
DA:42,2
DA:43,1
DA:51,4
LF:16
LH:16
BRDA:42,0,0,1
BRF:1
BRH:1
end_of_record
TN:
SF:src\modules\app\dtos\request\restaurant.dto.ts
FNF:0
FNH:0
DA:1,5
DA:4,5
DA:14,5
DA:18,5
DA:19,5
DA:20,5
DA:21,5
DA:22,5
DA:25,5
LF:9
LH:9
BRF:0
BRH:0
end_of_record
TN:
SF:src\modules\app\usecases\dish.usecase.ts
FN:9,(anonymous_8)
FN:15,(anonymous_9)
FN:42,(anonymous_11)
FN:68,(anonymous_13)
FNF:4
FNH:4
FNDA:4,(anonymous_8)
FNDA:3,(anonymous_9)
FNDA:1,(anonymous_11)
FNDA:2,(anonymous_13)
DA:1,4
DA:8,4
DA:10,4
DA:11,4
DA:12,4
DA:16,3
DA:21,3
DA:22,3
DA:23,1
DA:26,2
DA:27,2
DA:28,2
DA:37,0
DA:39,0
DA:47,1
DA:48,1
DA:49,1
DA:52,0
DA:53,0
DA:54,0
DA:57,0
DA:58,0
DA:63,0
DA:65,0
DA:74,2
DA:75,2
DA:76,1
DA:79,1
DA:86,1
LF:29
LH:20
BRDA:22,0,0,1
BRDA:27,1,0,2
BRDA:48,2,0,1
BRDA:53,3,0,0
BRDA:57,4,0,0
BRDA:75,5,0,1
BRF:6
BRH:4
end_of_record
TN:
SF:src\modules\app\usecases\employee.controller.ts
FN:5,(anonymous_7)
FN:7,(anonymous_8)
FNF:2
FNH:1
FNDA:4,(anonymous_7)
FNDA:0,(anonymous_8)
DA:4,4
DA:5,4
DA:8,0
LF:3
LH:2
BRF:0
BRH:0
end_of_record
TN:
SF:src\modules\app\usecases\order.usecase.ts
FN:22,(anonymous_8)
FN:32,(anonymous_9)
FN:54,(anonymous_11)
FN:73,(anonymous_12)
FN:93,(anonymous_14)
FN:130,(anonymous_16)
FN:138,(anonymous_17)
FN:174,(anonymous_19)
FN:216,(anonymous_21)
FN:238,(anonymous_23)
FN:249,(anonymous_25)
FN:255,(anonymous_26)
FNF:12
FNH:11
FNDA:28,(anonymous_8)
FNDA:2,(anonymous_9)
FNDA:2,(anonymous_11)
FNDA:2,(anonymous_12)
FNDA:5,(anonymous_14)
FNDA:0,(anonymous_16)
FNDA:5,(anonymous_17)
FNDA:4,(anonymous_19)
FNDA:3,(anonymous_21)
FNDA:3,(anonymous_23)
FNDA:2,(anonymous_25)
FNDA:2,(anonymous_26)
DA:10,5
DA:15,5
DA:21,5
DA:23,28
DA:24,28
DA:25,28
DA:26,28
DA:27,28
DA:28,28
DA:29,28
DA:33,2
DA:38,2
DA:39,1
DA:42,1
DA:51,1
DA:52,1
DA:54,2
DA:60,1
DA:61,1
DA:68,1
DA:70,1
DA:79,2
DA:80,2
DA:81,1
DA:83,1
DA:90,1
DA:94,5
DA:95,5
DA:96,1
DA:98,4
DA:99,1
DA:101,3
DA:105,3
DA:108,3
DA:109,1
DA:112,2
DA:113,1
DA:116,1
DA:118,1
DA:119,1
DA:125,1
DA:127,1
DA:131,0
DA:132,0
DA:133,0
DA:135,0
DA:139,5
DA:140,5
DA:141,1
DA:143,4
DA:144,1
DA:146,3
DA:147,3
DA:148,1
DA:151,2
DA:152,1
DA:154,1
DA:155,1
DA:156,1
DA:158,1
DA:163,1
DA:165,1
DA:169,1
DA:171,1
DA:180,4
DA:181,4
DA:182,1
DA:184,3
DA:185,1
DA:187,2
DA:188,1
DA:193,1
DA:194,1
DA:195,0
DA:197,1
DA:198,0
DA:200,1
DA:205,1
DA:207,1
DA:211,1
DA:213,1
DA:217,3
DA:218,3
DA:219,1
DA:221,2
DA:222,1
DA:224,1
DA:228,1
DA:229,1
DA:233,1
DA:235,1
DA:239,3
DA:240,3
DA:241,1
DA:243,2
DA:244,1
DA:247,1
DA:248,1
DA:249,2
DA:250,1
DA:254,1
DA:256,2
DA:263,1
LF:103
LH:97
BRDA:38,0,0,1
BRDA:80,1,0,1
BRDA:95,2,0,1
BRDA:98,3,0,1
BRDA:108,4,0,1
BRDA:112,5,0,1
BRDA:140,6,0,1
BRDA:143,7,0,1
BRDA:147,8,0,1
BRDA:151,9,0,1
BRDA:181,10,0,1
BRDA:184,11,0,1
BRDA:187,12,0,1
BRDA:194,13,0,0
BRDA:197,14,0,0
BRDA:218,15,0,1
BRDA:221,16,0,1
BRDA:240,17,0,1
BRDA:243,18,0,1
BRF:19
BRH:17
end_of_record
TN:
SF:src\modules\app\usecases\restaurant.usecase.ts
FN:6,(anonymous_7)
FN:8,(anonymous_8)
FN:14,(anonymous_10)
FN:20,(anonymous_12)
FNF:4
FNH:3
FNDA:4,(anonymous_7)
FNDA:0,(anonymous_8)
FNDA:2,(anonymous_10)
FNDA:16,(anonymous_12)
DA:5,4
DA:6,4
DA:9,0
DA:11,0
DA:18,2
DA:20,2
DA:21,16
LF:7
LH:5
BRF:0
BRH:0
end_of_record
TN:
SF:src\modules\domain\enums\preparationStages.enum.ts
FN:1,(anonymous_0)
FNF:1
FNH:1
FNDA:8,(anonymous_0)
DA:1,8
DA:2,8
DA:3,8
DA:4,8
DA:5,8
DA:6,8
LF:6
LH:6
BRDA:1,0,0,8
BRDA:1,0,1,8
BRF:2
BRH:2
end_of_record
TN:
SF:src\modules\domain\enums\role-type.enum.ts
FN:1,(anonymous_0)
FNF:1
FNH:1
FNDA:5,(anonymous_0)
DA:1,5
DA:2,5
DA:3,5
DA:4,5
DA:5,5
LF:5
LH:5
BRDA:1,0,0,5
BRDA:1,0,1,5
BRF:2
BRH:2
end_of_record
TN:
SF:src\modules\infrastructure\dependencies.ts
FNF:0
FNH:0
DA:1,4
DA:2,4
DA:3,4
DA:4,4
DA:5,4
DA:6,4
DA:7,4
DA:8,4
DA:9,4
DA:10,4
DA:11,4
DA:12,4
DA:13,4
DA:14,4
DA:15,4
DA:16,4
DA:17,4
DA:20,4
DA:21,4
DA:22,4
DA:23,4
DA:24,4
DA:25,4
DA:28,4
DA:29,4
DA:30,4
DA:33,4
DA:34,4
DA:35,4
DA:36,4
DA:47,4
DA:48,4
DA:49,4
DA:50,4
LF:34
LH:34
BRF:0
BRH:0
end_of_record
TN:
SF:src\modules\infrastructure\Endpoints\admin.routes.ts
FNF:0
FNH:0
DA:1,3
DA:2,3
DA:7,3
DA:8,3
DA:9,3
DA:10,3
DA:12,3
DA:14,3
DA:23,3
LF:9
LH:9
BRF:0
BRH:0
end_of_record
TN:
SF:src\modules\infrastructure\Endpoints\client.routes.ts
FNF:0
FNH:0
DA:1,3
DA:2,3
DA:7,3
DA:8,3
DA:9,3
DA:10,3
DA:12,3
DA:14,3
DA:22,3
DA:30,3
DA:38,3
DA:45,3
LF:12
LH:12
BRF:0
BRH:0
end_of_record
TN:
SF:src\modules\infrastructure\Endpoints\employee.routes.ts
FNF:0
FNH:0
DA:1,3
DA:2,3
DA:3,3
DA:8,3
DA:9,3
DA:13,3
DA:15,3
DA:17,3
DA:26,3
DA:33,3
DA:40,3
DA:48,3
LF:12
LH:12
BRF:0
BRH:0
end_of_record
TN:
SF:src\modules\infrastructure\Endpoints\index.ts
FN:7,routes
FN:9,(anonymous_2)
FNF:2
FNH:1
FNDA:3,routes
FNDA:0,(anonymous_2)
DA:1,3
DA:2,3
DA:3,3
DA:4,3
DA:5,3
DA:8,3
DA:9,3
DA:10,0
DA:11,0
DA:13,3
DA:14,3
DA:15,3
DA:16,3
DA:17,3
DA:20,3
LF:15
LH:13
BRF:0
BRH:0
end_of_record
TN:
SF:src\modules\infrastructure\Endpoints\owner.routes.ts
FNF:0
FNH:0
DA:1,3
DA:2,3
DA:3,3
DA:4,3
DA:9,3
DA:10,3
DA:11,3
DA:13,3
DA:15,3
DA:23,3
DA:31,3
DA:39,3
DA:47,3
DA:54,3
LF:14
LH:14
BRF:0
BRH:0
end_of_record
TN:
SF:src\modules\infrastructure\controller\dish.controller.ts
FN:8,(anonymous_8)
FN:10,(anonymous_9)
FN:24,(anonymous_11)
FN:39,(anonymous_13)
FN:57,(anonymous_15)
FN:67,(anonymous_17)
FNF:6
FNH:5
FNDA:4,(anonymous_8)
FNDA:3,(anonymous_9)
FNDA:0,(anonymous_11)
FNDA:1,(anonymous_13)
FNDA:2,(anonymous_15)
FNDA:4,(anonymous_17)
DA:5,4
DA:7,4
DA:8,4
DA:11,3
DA:12,3
DA:13,3
DA:14,3
DA:15,0
DA:20,3
DA:25,0
DA:26,0
DA:27,0
DA:28,0
DA:29,0
DA:30,0
DA:35,0
DA:40,1
DA:41,1
DA:42,1
DA:43,0
DA:45,1
DA:46,1
DA:47,1
DA:48,0
DA:53,1
DA:58,2
DA:59,2
DA:60,2
DA:61,0
DA:63,2
DA:64,2
DA:67,2
DA:68,4
DA:69,4
DA:70,0
DA:73,4
DA:75,2
DA:82,1
DA:87,1
LF:39
LH:27
BRDA:42,0,0,0
BRDA:60,1,0,0
BRDA:64,2,0,2
BRDA:64,2,1,0
BRDA:69,3,0,0
BRF:5
BRH:1
end_of_record
TN:
SF:src\modules\infrastructure\controller\employee.controller.ts
FN:6,(anonymous_7)
FN:8,(anonymous_8)
FNF:2
FNH:1
FNDA:4,(anonymous_7)
FNDA:0,(anonymous_8)
DA:5,4
DA:6,4
DA:9,0
DA:10,0
DA:11,0
DA:12,0
DA:17,0
LF:7
LH:2
BRF:0
BRH:0
end_of_record
TN:
SF:src\modules\infrastructure\controller\order.controller.ts
FN:9,(anonymous_8)
FN:11,(anonymous_9)
FN:27,(anonymous_11)
FN:51,(anonymous_13)
FN:72,(anonymous_15)
FN:93,(anonymous_17)
FN:120,(anonymous_19)
FN:140,(anonymous_21)
FNF:8
FNH:1
FNDA:4,(anonymous_8)
FNDA:0,(anonymous_9)
FNDA:0,(anonymous_11)
FNDA:0,(anonymous_13)
FNDA:0,(anonymous_15)
FNDA:0,(anonymous_17)
FNDA:0,(anonymous_19)
FNDA:0,(anonymous_21)
DA:6,4
DA:8,4
DA:9,4
DA:12,0
DA:13,0
DA:14,0
DA:15,0
DA:16,0
DA:18,0
DA:23,0
DA:28,0
DA:29,0
DA:30,0
DA:33,0
DA:34,0
DA:35,0
DA:42,0
DA:47,0
DA:52,0
DA:53,0
DA:54,0
DA:55,0
DA:59,0
DA:60,0
DA:61,0
DA:63,0
DA:68,0
DA:73,0
DA:74,0
DA:75,0
DA:76,0
DA:80,0
DA:81,0
DA:82,0
DA:84,0
DA:89,0
DA:94,0
DA:95,0
DA:96,0
DA:97,0
DA:101,0
DA:102,0
DA:103,0
DA:104,0
DA:111,0
DA:116,0
DA:121,0
DA:122,0
DA:123,0
DA:124,0
DA:128,0
DA:129,0
DA:131,0
DA:136,0
DA:141,0
DA:142,0
DA:143,0
DA:144,0
DA:148,0
DA:150,0
DA:152,0
DA:157,0
LF:62
LH:3
BRDA:30,0,0,0
BRDA:30,0,1,0
BRDA:33,1,0,0
BRDA:33,1,1,0
BRDA:34,2,0,0
BRDA:34,2,1,0
BRDA:54,3,0,0
BRDA:54,4,0,0
BRDA:54,4,1,0
BRDA:75,5,0,0
BRDA:75,6,0,0
BRDA:75,6,1,0
BRDA:96,7,0,0
BRDA:96,8,0,0
BRDA:96,8,1,0
BRDA:123,9,0,0
BRDA:123,10,0,0
BRDA:123,10,1,0
BRDA:143,11,0,0
BRDA:143,12,0,0
BRDA:143,12,1,0
BRF:21
BRH:0
end_of_record
TN:
SF:src\modules\infrastructure\controller\restaurant.controllers.ts
FN:8,(anonymous_7)
FN:10,(anonymous_8)
FN:23,(anonymous_10)
FNF:3
FNH:2
FNDA:4,(anonymous_7)
FNDA:0,(anonymous_8)
FNDA:2,(anonymous_10)
DA:1,4
DA:7,4
DA:8,4
DA:11,0
DA:12,0
DA:13,0
DA:14,0
DA:19,0
DA:24,2
DA:25,2
DA:26,2
DA:30,2
DA:35,0
LF:13
LH:7
BRF:0
BRH:0
end_of_record
TN:
SF:src\modules\infrastructure\microservices\traceabilityMicroservice.ts
FN:8,(anonymous_8)
FN:10,(anonymous_9)
FN:26,(anonymous_11)
FN:46,(anonymous_13)
FN:66,(anonymous_15)
FNF:5
FNH:4
FNDA:34,(anonymous_8)
FNDA:2,(anonymous_9)
FNDA:2,(anonymous_11)
FNDA:2,(anonymous_13)
FNDA:0,(anonymous_15)
DA:1,6
DA:4,6
DA:6,6
DA:7,34
DA:11,2
DA:21,2
DA:22,1
DA:31,2
DA:41,2
DA:42,1
DA:51,2
DA:61,2
DA:62,1
DA:67,0
DA:77,0
DA:78,0
LF:16
LH:13
BRDA:21,0,0,1
BRDA:41,1,0,1
BRDA:61,2,0,1
BRDA:77,3,0,0
BRF:4
BRH:3
end_of_record
TN:
SF:src\modules\infrastructure\microservices\twillio.microservice.ts
FN:7,(anonymous_7)
FN:14,(anonymous_8)
FNF:2
FNH:2
FNDA:30,(anonymous_7)
FNDA:2,(anonymous_8)
DA:2,6
DA:4,6
DA:8,30
DA:15,2
LF:4
LH:4
BRF:0
BRH:0
end_of_record
TN:
SF:src\modules\infrastructure\microservices\userMicroservice.ts
FN:7,(anonymous_8)
FN:9,(anonymous_9)
FN:15,(anonymous_10)
FN:22,(anonymous_12)
FNF:4
FNH:4
FNDA:31,(anonymous_8)
FNDA:3,(anonymous_9)
FNDA:1,(anonymous_10)
FNDA:9,(anonymous_12)
DA:1,6
DA:3,6
DA:5,6
DA:6,31
DA:10,3
DA:11,1
DA:16,1
DA:17,1
DA:19,1
DA:23,9
DA:24,2
DA:26,1
LF:12
LH:12
BRDA:10,0,0,1
BRF:1
BRH:1
end_of_record
TN:
SF:src\modules\infrastructure\middlewares\auth.ts
FN:4,(anonymous_7)
FN:10,(anonymous_8)
FN:10,(anonymous_9)
FNF:3
FNH:3
FNDA:3,(anonymous_7)
FNDA:6,(anonymous_8)
FNDA:6,(anonymous_9)
DA:1,3
DA:4,3
DA:5,3
DA:10,6
DA:11,6
DA:12,6
DA:13,6
DA:16,0
DA:18,0
LF:9
LH:7
BRDA:12,0,0,6
BRDA:12,1,0,6
BRDA:12,1,1,6
BRF:3
BRH:3
end_of_record
TN:
SF:src\modules\infrastructure\middlewares\error.handler.ts
FN:5,(anonymous_1)
FN:19,(anonymous_2)
FN:30,(anonymous_3)
FN:35,(anonymous_4)
FNF:4
FNH:4
FNDA:15,(anonymous_1)
FNDA:15,(anonymous_2)
FNDA:15,(anonymous_3)
FNDA:3,(anonymous_4)
DA:1,3
DA:3,3
DA:5,3
DA:11,15
DA:12,12
DA:14,12
DA:16,3
DA:19,3
DA:20,15
DA:21,0
DA:27,15
DA:30,3
DA:31,15
DA:32,15
DA:35,3
DA:36,3
LF:16
LH:15
BRDA:11,0,0,12
BRDA:20,1,0,0
BRF:2
BRH:1
end_of_record
TN:
SF:src\modules\infrastructure\middlewares\validator.handler.ts
FN:8,(anonymous_8)
FN:9,(anonymous_9)
FN:9,(anonymous_10)
FN:25,(anonymous_11)
FN:26,(anonymous_12)
FN:39,(anonymous_13)
FN:40,(anonymous_14)
FN:52,(anonymous_15)
FNF:8
FNH:8
FNDA:7,(anonymous_8)
FNDA:7,(anonymous_9)
FNDA:7,(anonymous_10)
FNDA:42,(anonymous_11)
FNDA:18,(anonymous_12)
FNDA:26,(anonymous_13)
FNDA:12,(anonymous_14)
FNDA:10,(anonymous_15)
DA:1,4
DA:6,4
DA:8,4
DA:9,7
DA:10,7
DA:11,7
DA:12,7
DA:13,0
DA:14,0
DA:16,0
DA:18,0
DA:20,7
DA:25,4
DA:26,42
DA:27,18
DA:28,18
DA:30,0
DA:31,0
DA:33,0
DA:35,0
DA:39,4
DA:40,26
DA:41,12
DA:42,12
DA:43,12
DA:44,4
DA:46,4
DA:48,8
DA:52,4
DA:57,10
DA:58,10
DA:59,10
DA:60,10
DA:61,5
DA:63,5
DA:65,5
DA:66,0
DA:68,0
DA:70,5
LF:39
LH:29
BRDA:13,0,0,0
BRDA:30,1,0,0
BRDA:30,2,0,0
BRDA:30,2,1,0
BRDA:43,3,0,4
BRDA:60,4,0,5
BRDA:60,5,0,10
BRDA:60,5,1,8
BRDA:65,6,0,0
BRDA:65,7,0,5
BRDA:65,7,1,5
BRF:11
BRH:6
end_of_record
TN:
SF:src\modules\infrastructure\orm\sequelizePostgresqlConnection.ts
FN:10,(anonymous_1)
FNF:1
FNH:1
FNDA:129,(anonymous_1)
DA:1,12
DA:2,12
DA:3,12
DA:5,12
DA:7,12
DA:8,12
DA:11,129
DA:12,9
DA:21,9
DA:22,9
DA:23,9
DA:27,129
LF:12
LH:12
BRDA:11,0,0,9
BRDA:22,1,0,9
BRF:2
BRH:2
end_of_record
TN:
SF:src\modules\infrastructure\orm\models\CategoryPostgresql.model.ts
FN:28,(anonymous_0)
FNF:1
FNH:1
FNDA:9,(anonymous_0)
DA:1,13
DA:4,13
DA:5,13
DA:23,13
DA:29,9
LF:5
LH:5
BRF:0
BRH:0
end_of_record
TN:
SF:src\modules\infrastructure\orm\models\DishPostgresql.model.ts
FN:63,(anonymous_0)
FN:74,(anonymous_1)
FNF:2
FNH:2
FNDA:9,(anonymous_0)
FNDA:9,(anonymous_1)
DA:1,13
DA:3,13
DA:4,13
DA:6,13
DA:7,13
DA:53,13
DA:64,9
DA:68,9
DA:75,9
LF:9
LH:9
BRF:0
BRH:0
end_of_record
TN:
SF:src\modules\infrastructure\orm\models\EmployeePostgresql.model.ts
FN:22,(anonymous_0)
FN:29,(anonymous_1)
FNF:2
FNH:2
FNDA:9,(anonymous_0)
FNDA:9,(anonymous_1)
DA:1,13
DA:3,13
DA:5,13
DA:6,13
DA:18,13
DA:23,9
DA:30,9
LF:7
LH:7
BRF:0
BRH:0
end_of_record
TN:
SF:src\modules\infrastructure\orm\models\OrderPostgresql.model.ts
FN:62,(anonymous_0)
FNF:1
FNH:1
FNDA:9,(anonymous_0)
DA:1,14
DA:5,14
DA:6,14
DA:52,14
DA:63,9
LF:5
LH:5
BRF:0
BRH:0
end_of_record
TN:
SF:src\modules\infrastructure\orm\models\Order_DishPostgresql.ts
FN:28,(anonymous_0)
FN:39,(anonymous_1)
FNF:2
FNH:2
FNDA:9,(anonymous_0)
FNDA:9,(anonymous_1)
DA:1,13
DA:3,13
DA:4,13
DA:6,13
DA:7,13
DA:23,13
DA:29,9
DA:33,9
DA:40,9
LF:9
LH:9
BRF:0
BRH:0
end_of_record
TN:
SF:src\modules\infrastructure\orm\models\RestaurantPostgresql.model.ts
FN:50,(anonymous_0)
FNF:1
FNH:1
FNDA:9,(anonymous_0)
DA:1,14
DA:4,14
DA:5,14
DA:38,14
DA:51,9
LF:5
LH:5
BRF:0
BRH:0
end_of_record
TN:
SF:src\modules\infrastructure\orm\models\index.ts
FN:9,(anonymous_0)
FNF:1
FNH:1
FNDA:9,(anonymous_0)
DA:1,12
DA:2,12
DA:3,12
DA:4,12
DA:5,12
DA:6,12
DA:9,12
DA:10,9
DA:11,9
DA:12,9
DA:13,9
DA:14,9
DA:15,9
DA:16,9
DA:17,9
DA:18,9
LF:16
LH:16
BRF:0
BRH:0
end_of_record
TN:
SF:src\modules\infrastructure\orm\repository\categoryPostgresql.repository.ts
FN:10,(anonymous_7)
FN:14,(anonymous_8)
FNF:2
FNH:2
FNDA:6,(anonymous_7)
FNDA:5,(anonymous_8)
DA:2,5
DA:5,5
DA:7,5
DA:11,6
DA:15,5
DA:16,5
DA:17,2
DA:20,3
LF:8
LH:8
BRDA:16,0,0,2
BRF:1
BRH:1
end_of_record
TN:
SF:src\modules\infrastructure\orm\repository\dishPostgresql.repository.ts
FN:11,(anonymous_7)
FN:15,(anonymous_8)
FN:21,(anonymous_10)
FN:32,(anonymous_12)
FN:41,(anonymous_14)
FN:62,(anonymous_16)
FNF:6
FNH:6
FNDA:7,(anonymous_7)
FNDA:1,(anonymous_8)
FNDA:2,(anonymous_10)
FNDA:1,(anonymous_12)
FNDA:1,(anonymous_14)
FNDA:4,(anonymous_16)
DA:2,5
DA:3,5
DA:5,5
DA:8,5
DA:12,7
DA:16,1
DA:18,1
DA:22,2
DA:29,2
DA:33,1
DA:34,1
DA:35,1
DA:38,0
DA:47,1
DA:48,1
DA:49,1
DA:56,1
DA:62,4
LF:18
LH:17
BRDA:34,0,0,1
BRDA:45,1,0,0
BRDA:48,2,0,1
BRF:3
BRH:2
end_of_record
TN:
SF:src\modules\infrastructure\orm\repository\employeePostgresql.repository.ts
FN:11,(anonymous_7)
FN:15,(anonymous_8)
FN:23,(anonymous_10)
FN:29,(anonymous_12)
FN:36,(anonymous_14)
FNF:5
FNH:5
FNDA:31,(anonymous_7)
FNDA:1,(anonymous_8)
FNDA:1,(anonymous_10)
FNDA:1,(anonymous_12)
FNDA:2,(anonymous_14)
DA:3,6
DA:5,6
DA:8,6
DA:12,31
DA:16,1
DA:20,1
DA:24,1
DA:26,1
DA:30,1
DA:36,2
LF:10
LH:10
BRDA:26,0,0,1
BRDA:26,0,1,0
BRF:2
BRH:1
end_of_record
TN:
SF:src\modules\infrastructure\orm\repository\orderPostgresql.repository.ts
FN:17,(anonymous_7)
FN:21,(anonymous_8)
FN:27,(anonymous_10)
FN:38,(anonymous_11)
FN:45,(anonymous_13)
FN:48,(anonymous_14)
FN:63,(anonymous_16)
FN:66,(anonymous_17)
FN:77,(anonymous_19)
FN:86,(anonymous_21)
FN:95,(anonymous_23)
FN:98,(anonymous_24)
FN:115,(anonymous_26)
FNF:13
FNH:8
FNDA:35,(anonymous_7)
FNDA:1,(anonymous_8)
FNDA:4,(anonymous_10)
FNDA:2,(anonymous_11)
FNDA:0,(anonymous_13)
FNDA:2,(anonymous_14)
FNDA:0,(anonymous_16)
FNDA:1,(anonymous_17)
FNDA:0,(anonymous_19)
FNDA:1,(anonymous_21)
FNDA:3,(anonymous_23)
FNDA:0,(anonymous_24)
FNDA:0,(anonymous_26)
DA:1,6
DA:10,6
DA:11,6
DA:12,6
DA:14,6
DA:18,35
DA:22,1
DA:24,1
DA:28,4
DA:39,2
DA:40,2
DA:41,2
DA:45,2
DA:54,2
DA:55,2
DA:56,2
DA:57,2
DA:63,2
DA:67,1
DA:74,1
DA:78,0
DA:79,0
DA:80,0
DA:83,0
DA:87,1
DA:95,3
DA:99,0
DA:115,0
LF:28
LH:22
BRDA:28,0,0,2
BRDA:28,0,1,2
BRDA:79,1,0,0
BRF:3
BRH:2
end_of_record
TN:
SF:src\modules\infrastructure\orm\repository\order_dishPostgresql.repository.ts
FN:10,(anonymous_7)
FN:14,(anonymous_8)
FNF:2
FNH:2
FNDA:29,(anonymous_7)
FNDA:1,(anonymous_8)
DA:3,6
DA:5,6
DA:7,6
DA:11,29
DA:15,1
LF:5
LH:5
BRF:0
BRH:0
end_of_record
TN:
SF:src\modules\infrastructure\orm\repository\restaurantPostgresql.repository.ts
FN:10,(anonymous_7)
FN:14,(anonymous_8)
FN:22,(anonymous_10)
FN:31,(anonymous_12)
FN:38,(anonymous_14)
FNF:5
FNH:5
FNDA:31,(anonymous_7)
FNDA:1,(anonymous_8)
FNDA:5,(anonymous_10)
FNDA:3,(anonymous_12)
FNDA:24,(anonymous_14)
DA:4,6
DA:5,6
DA:7,6
DA:11,31
DA:15,1
DA:19,1
DA:23,5
DA:24,5
DA:25,3
DA:28,2
DA:32,3
DA:38,24
LF:12
LH:12
BRDA:24,0,0,3
BRF:1
BRH:1
end_of_record
